[2024-07-29 06:07:39] laravel.EMERGENCY: Unable to create configured logger. Using emergency logger. {"exception":"[object] (Error(code: 0): Class \"Illuminate\\Support\\Collection\" not found at C:\\xampp.7.4\\htdocs\\sheikhalalfarms.freshhub.ca\\vendor\\laravel\\framework\\src\\Illuminate\\Support\\helpers.php:110)
[stacktrace]
#0 C:\\xampp.7.4\\htdocs\\sheikhalalfarms.freshhub.ca\\vendor\\laravel\\framework\\src\\Illuminate\\Log\\LogManager.php(240): collect(Array)
#1 C:\\xampp.7.4\\htdocs\\sheikhalalfarms.freshhub.ca\\vendor\\laravel\\framework\\src\\Illuminate\\Log\\LogManager.php(202): Illuminate\\Log\\LogManager->createStackDriver(Array)
#2 C:\\xampp.7.4\\htdocs\\sheikhalalfarms.freshhub.ca\\vendor\\laravel\\framework\\src\\Illuminate\\Log\\LogManager.php(118): Illuminate\\Log\\LogManager->resolve('stack')
#3 C:\\xampp.7.4\\htdocs\\sheikhalalfarms.freshhub.ca\\vendor\\laravel\\framework\\src\\Illuminate\\Log\\LogManager.php(98): Illuminate\\Log\\LogManager->get('stack')
#4 C:\\xampp.7.4\\htdocs\\sheikhalalfarms.freshhub.ca\\vendor\\laravel\\framework\\src\\Illuminate\\Log\\LogManager.php(543): Illuminate\\Log\\LogManager->driver()
#5 C:\\xampp.7.4\\htdocs\\sheikhalalfarms.freshhub.ca\\vendor\\laravel\\framework\\src\\Illuminate\\Foundation\\Exceptions\\Handler.php(118): Illuminate\\Log\\LogManager->error('During inherita...', Array)
#6 C:\\xampp.7.4\\htdocs\\sheikhalalfarms.freshhub.ca\\app\\Exceptions\\Handler.php(39): Illuminate\\Foundation\\Exceptions\\Handler->report(Object(Symfony\\Component\\ErrorHandler\\Error\\FatalError))
#7 C:\\xampp.7.4\\htdocs\\sheikhalalfarms.freshhub.ca\\vendor\\laravel\\framework\\src\\Illuminate\\Foundation\\Bootstrap\\HandleExceptions.php(88): App\\Exceptions\\Handler->report(Object(Symfony\\Component\\ErrorHandler\\Error\\FatalError))
#8 C:\\xampp.7.4\\htdocs\\sheikhalalfarms.freshhub.ca\\vendor\\laravel\\framework\\src\\Illuminate\\Foundation\\Bootstrap\\HandleExceptions.php(130): Illuminate\\Foundation\\Bootstrap\\HandleExceptions->handleException(Object(Symfony\\Component\\ErrorHandler\\Error\\FatalError))
#9 [internal function]: Illuminate\\Foundation\\Bootstrap\\HandleExceptions->handleShutdown()
#10 {main}
"} 
[2024-07-29 06:07:39] laravel.ERROR: During inheritance of ArrayAccess: Uncaught ErrorException: Return type of Illuminate\Support\Collection::offsetExists($key) should either be compatible with ArrayAccess::offsetExists(mixed $offset): bool, or the #[\ReturnTypeWillChange] attribute should be used to temporarily suppress the notice in C:\xampp.7.4\htdocs\sheikhalalfarms.freshhub.ca\vendor\laravel\framework\src\Illuminate\Support\Collection.php:1349
Stack trace:
#0 C:\xampp.7.4\htdocs\sheikhalalfarms.freshhub.ca\vendor\laravel\framework\src\Illuminate\Support\Collection.php(11): Illuminate\Foundation\Bootstrap\HandleExceptions->handleError(8192, 'Return type of ...', 'C:\\xampp.7.4\\ht...', 1349)
#1 C:\xampp.7.4\htdocs\sheikhalalfarms.freshhub.ca\vendor\composer\ClassLoader.php(444): include('C:\\xampp.7.4\\ht...')
#2 C:\xampp.7.4\htdocs\sheikhalalfarms.freshhub.ca\vendor\composer\ClassLoader.php(322): Composer\Autoload\includeFile('C:\\xampp.7.4\\ht...')
#3 C:\xampp.7.4\htdocs\sheikhalalfarms.freshhub.ca\vendor\laravel\framework\src\Illuminate\Support\helpers.php(110): Composer\Autoload\ClassLoader->loadClass('Illuminate\\Supp...')
#4 C:\xampp.7.4\htdocs\sheikhalalfarms.freshhub.ca\vendor\laravel\framework\src\Illuminate\Foundation\PackageManifest.php(89): collect(Array)
#5 C:\xampp.7.4\htdocs\sheikhalalfarms.freshhub.ca\vendor\laravel\framework\src\Illuminate\Foundation\PackageManifest.php(78): Illuminate\Foundation\PackageManifest->config('aliases')
#6 C:\xampp.7.4\htdocs\sheikhalalfarms.freshhub.ca\vendor\laravel\framework\src\Illuminate\Foundation\Bootstrap\RegisterFacades.php(26): Illuminate\Foundation\PackageManifest->aliases()
#7 C:\xampp.7.4\htdocs\sheikhalalfarms.freshhub.ca\vendor\laravel\framework\src\Illuminate\Foundation\Application.php(230): Illuminate\Foundation\Bootstrap\RegisterFacades->bootstrap(Object(Illuminate\Foundation\Application))
#8 C:\xampp.7.4\htdocs\sheikhalalfarms.freshhub.ca\vendor\laravel\framework\src\Illuminate\Foundation\Console\Kernel.php(310): Illuminate\Foundation\Application->bootstrapWith(Array)
#9 C:\xampp.7.4\htdocs\sheikhalalfarms.freshhub.ca\vendor\laravel\framework\src\Illuminate\Foundation\Console\Kernel.php(127): Illuminate\Foundation\Console\Kernel->bootstrap()
#10 C:\xampp.7.4\htdocs\sheikhalalfarms.freshhub.ca\artisan(35): Illuminate\Foundation\Console\Kernel->handle(Object(Symfony\Component\Console\Input\ArgvInput), Object(Symfony\Component\Console\Output\ConsoleOutput))
#11 {main} {"exception":"[object] (Symfony\\Component\\ErrorHandler\\Error\\FatalError(code: 0): During inheritance of ArrayAccess: Uncaught ErrorException: Return type of Illuminate\\Support\\Collection::offsetExists($key) should either be compatible with ArrayAccess::offsetExists(mixed $offset): bool, or the #[\\ReturnTypeWillChange] attribute should be used to temporarily suppress the notice in C:\\xampp.7.4\\htdocs\\sheikhalalfarms.freshhub.ca\\vendor\\laravel\\framework\\src\\Illuminate\\Support\\Collection.php:1349
Stack trace:
#0 C:\\xampp.7.4\\htdocs\\sheikhalalfarms.freshhub.ca\\vendor\\laravel\\framework\\src\\Illuminate\\Support\\Collection.php(11): Illuminate\\Foundation\\Bootstrap\\HandleExceptions->handleError(8192, 'Return type of ...', 'C:\\\\xampp.7.4\\\\ht...', 1349)
#1 C:\\xampp.7.4\\htdocs\\sheikhalalfarms.freshhub.ca\\vendor\\composer\\ClassLoader.php(444): include('C:\\\\xampp.7.4\\\\ht...')
#2 C:\\xampp.7.4\\htdocs\\sheikhalalfarms.freshhub.ca\\vendor\\composer\\ClassLoader.php(322): Composer\\Autoload\\includeFile('C:\\\\xampp.7.4\\\\ht...')
#3 C:\\xampp.7.4\\htdocs\\sheikhalalfarms.freshhub.ca\\vendor\\laravel\\framework\\src\\Illuminate\\Support\\helpers.php(110): Composer\\Autoload\\ClassLoader->loadClass('Illuminate\\\\Supp...')
#4 C:\\xampp.7.4\\htdocs\\sheikhalalfarms.freshhub.ca\\vendor\\laravel\\framework\\src\\Illuminate\\Foundation\\PackageManifest.php(89): collect(Array)
#5 C:\\xampp.7.4\\htdocs\\sheikhalalfarms.freshhub.ca\\vendor\\laravel\\framework\\src\\Illuminate\\Foundation\\PackageManifest.php(78): Illuminate\\Foundation\\PackageManifest->config('aliases')
#6 C:\\xampp.7.4\\htdocs\\sheikhalalfarms.freshhub.ca\\vendor\\laravel\\framework\\src\\Illuminate\\Foundation\\Bootstrap\\RegisterFacades.php(26): Illuminate\\Foundation\\PackageManifest->aliases()
#7 C:\\xampp.7.4\\htdocs\\sheikhalalfarms.freshhub.ca\\vendor\\laravel\\framework\\src\\Illuminate\\Foundation\\Application.php(230): Illuminate\\Foundation\\Bootstrap\\RegisterFacades->bootstrap(Object(Illuminate\\Foundation\\Application))
#8 C:\\xampp.7.4\\htdocs\\sheikhalalfarms.freshhub.ca\\vendor\\laravel\\framework\\src\\Illuminate\\Foundation\\Console\\Kernel.php(310): Illuminate\\Foundation\\Application->bootstrapWith(Array)
#9 C:\\xampp.7.4\\htdocs\\sheikhalalfarms.freshhub.ca\\vendor\\laravel\\framework\\src\\Illuminate\\Foundation\\Console\\Kernel.php(127): Illuminate\\Foundation\\Console\\Kernel->bootstrap()
#10 C:\\xampp.7.4\\htdocs\\sheikhalalfarms.freshhub.ca\\artisan(35): Illuminate\\Foundation\\Console\\Kernel->handle(Object(Symfony\\Component\\Console\\Input\\ArgvInput), Object(Symfony\\Component\\Console\\Output\\ConsoleOutput))
#11 {main} at C:\\xampp.7.4\\htdocs\\sheikhalalfarms.freshhub.ca\\vendor\\laravel\\framework\\src\\Illuminate\\Support\\Collection.php:11)
[stacktrace]
#0 {main}
"} 
[2024-07-29 06:11:27] local.ERROR: SQLSTATE[HY000] [1045] Access denied for user 'freshhub_sheikhalalfarms'@'localhost' (using password: YES) (SQL: select * from `user_types` where `id` != 1) {"exception":"[object] (Illuminate\\Database\\QueryException(code: 1045): SQLSTATE[HY000] [1045] Access denied for user 'freshhub_sheikhalalfarms'@'localhost' (using password: YES) (SQL: select * from `user_types` where `id` != 1) at C:\\xampp.7.4\\htdocs\\sheikhalalfarms.freshhub.ca\\vendor\\laravel\\framework\\src\\Illuminate\\Database\\Connection.php:671)
[stacktrace]
#0 C:\\xampp.7.4\\htdocs\\sheikhalalfarms.freshhub.ca\\vendor\\laravel\\framework\\src\\Illuminate\\Database\\Connection.php(631): Illuminate\\Database\\Connection->runQueryCallback('select * from `...', Array, Object(Closure))
#1 C:\\xampp.7.4\\htdocs\\sheikhalalfarms.freshhub.ca\\vendor\\laravel\\framework\\src\\Illuminate\\Database\\Connection.php(339): Illuminate\\Database\\Connection->run('select * from `...', Array, Object(Closure))
#2 C:\\xampp.7.4\\htdocs\\sheikhalalfarms.freshhub.ca\\vendor\\laravel\\framework\\src\\Illuminate\\Database\\Query\\Builder.php(2270): Illuminate\\Database\\Connection->select('select * from `...', Array, true)
#3 C:\\xampp.7.4\\htdocs\\sheikhalalfarms.freshhub.ca\\vendor\\laravel\\framework\\src\\Illuminate\\Database\\Query\\Builder.php(2258): Illuminate\\Database\\Query\\Builder->runSelect()
#4 C:\\xampp.7.4\\htdocs\\sheikhalalfarms.freshhub.ca\\vendor\\laravel\\framework\\src\\Illuminate\\Database\\Query\\Builder.php(2753): Illuminate\\Database\\Query\\Builder->Illuminate\\Database\\Query\\{closure}()
#5 C:\\xampp.7.4\\htdocs\\sheikhalalfarms.freshhub.ca\\vendor\\laravel\\framework\\src\\Illuminate\\Database\\Query\\Builder.php(2259): Illuminate\\Database\\Query\\Builder->onceWithColumns(Array, Object(Closure))
#6 C:\\xampp.7.4\\htdocs\\sheikhalalfarms.freshhub.ca\\vendor\\laravel\\framework\\src\\Illuminate\\Database\\Eloquent\\Builder.php(548): Illuminate\\Database\\Query\\Builder->get(Array)
#7 C:\\xampp.7.4\\htdocs\\sheikhalalfarms.freshhub.ca\\vendor\\laravel\\framework\\src\\Illuminate\\Database\\Eloquent\\Builder.php(532): Illuminate\\Database\\Eloquent\\Builder->getModels(Array)
#8 C:\\xampp.7.4\\htdocs\\sheikhalalfarms.freshhub.ca\\app\\Providers\\AppServiceProvider.php(28): Illuminate\\Database\\Eloquent\\Builder->get()
#9 C:\\xampp.7.4\\htdocs\\sheikhalalfarms.freshhub.ca\\vendor\\laravel\\framework\\src\\Illuminate\\Container\\BoundMethod.php(36): App\\Providers\\AppServiceProvider->boot()
#10 C:\\xampp.7.4\\htdocs\\sheikhalalfarms.freshhub.ca\\vendor\\laravel\\framework\\src\\Illuminate\\Container\\Util.php(37): Illuminate\\Container\\BoundMethod::Illuminate\\Container\\{closure}()
#11 C:\\xampp.7.4\\htdocs\\sheikhalalfarms.freshhub.ca\\vendor\\laravel\\framework\\src\\Illuminate\\Container\\BoundMethod.php(93): Illuminate\\Container\\Util::unwrapIfClosure(Object(Closure))
#12 C:\\xampp.7.4\\htdocs\\sheikhalalfarms.freshhub.ca\\vendor\\laravel\\framework\\src\\Illuminate\\Container\\BoundMethod.php(37): Illuminate\\Container\\BoundMethod::callBoundMethod(Object(Illuminate\\Foundation\\Application), Array, Object(Closure))
#13 C:\\xampp.7.4\\htdocs\\sheikhalalfarms.freshhub.ca\\vendor\\laravel\\framework\\src\\Illuminate\\Container\\Container.php(596): Illuminate\\Container\\BoundMethod::call(Object(Illuminate\\Foundation\\Application), Array, Array, NULL)
#14 C:\\xampp.7.4\\htdocs\\sheikhalalfarms.freshhub.ca\\vendor\\laravel\\framework\\src\\Illuminate\\Foundation\\Application.php(867): Illuminate\\Container\\Container->call(Array)
#15 C:\\xampp.7.4\\htdocs\\sheikhalalfarms.freshhub.ca\\vendor\\laravel\\framework\\src\\Illuminate\\Foundation\\Application.php(850): Illuminate\\Foundation\\Application->bootProvider(Object(App\\Providers\\AppServiceProvider))
#16 [internal function]: Illuminate\\Foundation\\Application->Illuminate\\Foundation\\{closure}(Object(App\\Providers\\AppServiceProvider), 28)
#17 C:\\xampp.7.4\\htdocs\\sheikhalalfarms.freshhub.ca\\vendor\\laravel\\framework\\src\\Illuminate\\Foundation\\Application.php(851): array_walk(Array, Object(Closure))
#18 C:\\xampp.7.4\\htdocs\\sheikhalalfarms.freshhub.ca\\vendor\\laravel\\framework\\src\\Illuminate\\Foundation\\Bootstrap\\BootProviders.php(17): Illuminate\\Foundation\\Application->boot()
#19 C:\\xampp.7.4\\htdocs\\sheikhalalfarms.freshhub.ca\\vendor\\laravel\\framework\\src\\Illuminate\\Foundation\\Application.php(230): Illuminate\\Foundation\\Bootstrap\\BootProviders->bootstrap(Object(Illuminate\\Foundation\\Application))
#20 C:\\xampp.7.4\\htdocs\\sheikhalalfarms.freshhub.ca\\vendor\\laravel\\framework\\src\\Illuminate\\Foundation\\Console\\Kernel.php(310): Illuminate\\Foundation\\Application->bootstrapWith(Array)
#21 C:\\xampp.7.4\\htdocs\\sheikhalalfarms.freshhub.ca\\vendor\\laravel\\framework\\src\\Illuminate\\Foundation\\Console\\Kernel.php(127): Illuminate\\Foundation\\Console\\Kernel->bootstrap()
#22 C:\\xampp.7.4\\htdocs\\sheikhalalfarms.freshhub.ca\\artisan(37): Illuminate\\Foundation\\Console\\Kernel->handle(Object(Symfony\\Component\\Console\\Input\\ArgvInput), Object(Symfony\\Component\\Console\\Output\\ConsoleOutput))
#23 {main}

[previous exception] [object] (Doctrine\\DBAL\\Driver\\PDO\\Exception(code: 1045): SQLSTATE[HY000] [1045] Access denied for user 'freshhub_sheikhalalfarms'@'localhost' (using password: YES) at C:\\xampp.7.4\\htdocs\\sheikhalalfarms.freshhub.ca\\vendor\\doctrine\\dbal\\lib\\Doctrine\\DBAL\\Driver\\PDO\\Exception.php:18)
[stacktrace]
#0 C:\\xampp.7.4\\htdocs\\sheikhalalfarms.freshhub.ca\\vendor\\doctrine\\dbal\\lib\\Doctrine\\DBAL\\Driver\\PDOConnection.php(44): Doctrine\\DBAL\\Driver\\PDO\\Exception::new(Object(PDOException))
#1 C:\\xampp.7.4\\htdocs\\sheikhalalfarms.freshhub.ca\\vendor\\laravel\\framework\\src\\Illuminate\\Database\\Connectors\\Connector.php(67): Doctrine\\DBAL\\Driver\\PDOConnection->__construct('mysql:host=127....', 'freshhub_sheikh...', '+T}exgRBQs1}', Array)
#2 C:\\xampp.7.4\\htdocs\\sheikhalalfarms.freshhub.ca\\vendor\\laravel\\framework\\src\\Illuminate\\Database\\Connectors\\Connector.php(46): Illuminate\\Database\\Connectors\\Connector->createPdoConnection('mysql:host=127....', 'freshhub_sheikh...', '+T}exgRBQs1}', Array)
#3 C:\\xampp.7.4\\htdocs\\sheikhalalfarms.freshhub.ca\\vendor\\laravel\\framework\\src\\Illuminate\\Database\\Connectors\\MySqlConnector.php(24): Illuminate\\Database\\Connectors\\Connector->createConnection('mysql:host=127....', Array, Array)
#4 C:\\xampp.7.4\\htdocs\\sheikhalalfarms.freshhub.ca\\vendor\\laravel\\framework\\src\\Illuminate\\Database\\Connectors\\ConnectionFactory.php(184): Illuminate\\Database\\Connectors\\MySqlConnector->connect(Array)
#5 [internal function]: Illuminate\\Database\\Connectors\\ConnectionFactory->Illuminate\\Database\\Connectors\\{closure}()
#6 C:\\xampp.7.4\\htdocs\\sheikhalalfarms.freshhub.ca\\vendor\\laravel\\framework\\src\\Illuminate\\Database\\Connection.php(926): call_user_func(Object(Closure))
#7 C:\\xampp.7.4\\htdocs\\sheikhalalfarms.freshhub.ca\\vendor\\laravel\\framework\\src\\Illuminate\\Database\\Connection.php(961): Illuminate\\Database\\Connection->getPdo()
#8 C:\\xampp.7.4\\htdocs\\sheikhalalfarms.freshhub.ca\\vendor\\laravel\\framework\\src\\Illuminate\\Database\\Connection.php(405): Illuminate\\Database\\Connection->getReadPdo()
#9 C:\\xampp.7.4\\htdocs\\sheikhalalfarms.freshhub.ca\\vendor\\laravel\\framework\\src\\Illuminate\\Database\\Connection.php(331): Illuminate\\Database\\Connection->getPdoForSelect(true)
#10 C:\\xampp.7.4\\htdocs\\sheikhalalfarms.freshhub.ca\\vendor\\laravel\\framework\\src\\Illuminate\\Database\\Connection.php(664): Illuminate\\Database\\Connection->Illuminate\\Database\\{closure}('select * from `...', Array)
#11 C:\\xampp.7.4\\htdocs\\sheikhalalfarms.freshhub.ca\\vendor\\laravel\\framework\\src\\Illuminate\\Database\\Connection.php(631): Illuminate\\Database\\Connection->runQueryCallback('select * from `...', Array, Object(Closure))
#12 C:\\xampp.7.4\\htdocs\\sheikhalalfarms.freshhub.ca\\vendor\\laravel\\framework\\src\\Illuminate\\Database\\Connection.php(339): Illuminate\\Database\\Connection->run('select * from `...', Array, Object(Closure))
#13 C:\\xampp.7.4\\htdocs\\sheikhalalfarms.freshhub.ca\\vendor\\laravel\\framework\\src\\Illuminate\\Database\\Query\\Builder.php(2270): Illuminate\\Database\\Connection->select('select * from `...', Array, true)
#14 C:\\xampp.7.4\\htdocs\\sheikhalalfarms.freshhub.ca\\vendor\\laravel\\framework\\src\\Illuminate\\Database\\Query\\Builder.php(2258): Illuminate\\Database\\Query\\Builder->runSelect()
#15 C:\\xampp.7.4\\htdocs\\sheikhalalfarms.freshhub.ca\\vendor\\laravel\\framework\\src\\Illuminate\\Database\\Query\\Builder.php(2753): Illuminate\\Database\\Query\\Builder->Illuminate\\Database\\Query\\{closure}()
#16 C:\\xampp.7.4\\htdocs\\sheikhalalfarms.freshhub.ca\\vendor\\laravel\\framework\\src\\Illuminate\\Database\\Query\\Builder.php(2259): Illuminate\\Database\\Query\\Builder->onceWithColumns(Array, Object(Closure))
#17 C:\\xampp.7.4\\htdocs\\sheikhalalfarms.freshhub.ca\\vendor\\laravel\\framework\\src\\Illuminate\\Database\\Eloquent\\Builder.php(548): Illuminate\\Database\\Query\\Builder->get(Array)
#18 C:\\xampp.7.4\\htdocs\\sheikhalalfarms.freshhub.ca\\vendor\\laravel\\framework\\src\\Illuminate\\Database\\Eloquent\\Builder.php(532): Illuminate\\Database\\Eloquent\\Builder->getModels(Array)
#19 C:\\xampp.7.4\\htdocs\\sheikhalalfarms.freshhub.ca\\app\\Providers\\AppServiceProvider.php(28): Illuminate\\Database\\Eloquent\\Builder->get()
#20 C:\\xampp.7.4\\htdocs\\sheikhalalfarms.freshhub.ca\\vendor\\laravel\\framework\\src\\Illuminate\\Container\\BoundMethod.php(36): App\\Providers\\AppServiceProvider->boot()
#21 C:\\xampp.7.4\\htdocs\\sheikhalalfarms.freshhub.ca\\vendor\\laravel\\framework\\src\\Illuminate\\Container\\Util.php(37): Illuminate\\Container\\BoundMethod::Illuminate\\Container\\{closure}()
#22 C:\\xampp.7.4\\htdocs\\sheikhalalfarms.freshhub.ca\\vendor\\laravel\\framework\\src\\Illuminate\\Container\\BoundMethod.php(93): Illuminate\\Container\\Util::unwrapIfClosure(Object(Closure))
#23 C:\\xampp.7.4\\htdocs\\sheikhalalfarms.freshhub.ca\\vendor\\laravel\\framework\\src\\Illuminate\\Container\\BoundMethod.php(37): Illuminate\\Container\\BoundMethod::callBoundMethod(Object(Illuminate\\Foundation\\Application), Array, Object(Closure))
#24 C:\\xampp.7.4\\htdocs\\sheikhalalfarms.freshhub.ca\\vendor\\laravel\\framework\\src\\Illuminate\\Container\\Container.php(596): Illuminate\\Container\\BoundMethod::call(Object(Illuminate\\Foundation\\Application), Array, Array, NULL)
#25 C:\\xampp.7.4\\htdocs\\sheikhalalfarms.freshhub.ca\\vendor\\laravel\\framework\\src\\Illuminate\\Foundation\\Application.php(867): Illuminate\\Container\\Container->call(Array)
#26 C:\\xampp.7.4\\htdocs\\sheikhalalfarms.freshhub.ca\\vendor\\laravel\\framework\\src\\Illuminate\\Foundation\\Application.php(850): Illuminate\\Foundation\\Application->bootProvider(Object(App\\Providers\\AppServiceProvider))
#27 [internal function]: Illuminate\\Foundation\\Application->Illuminate\\Foundation\\{closure}(Object(App\\Providers\\AppServiceProvider), 28)
#28 C:\\xampp.7.4\\htdocs\\sheikhalalfarms.freshhub.ca\\vendor\\laravel\\framework\\src\\Illuminate\\Foundation\\Application.php(851): array_walk(Array, Object(Closure))
#29 C:\\xampp.7.4\\htdocs\\sheikhalalfarms.freshhub.ca\\vendor\\laravel\\framework\\src\\Illuminate\\Foundation\\Bootstrap\\BootProviders.php(17): Illuminate\\Foundation\\Application->boot()
#30 C:\\xampp.7.4\\htdocs\\sheikhalalfarms.freshhub.ca\\vendor\\laravel\\framework\\src\\Illuminate\\Foundation\\Application.php(230): Illuminate\\Foundation\\Bootstrap\\BootProviders->bootstrap(Object(Illuminate\\Foundation\\Application))
#31 C:\\xampp.7.4\\htdocs\\sheikhalalfarms.freshhub.ca\\vendor\\laravel\\framework\\src\\Illuminate\\Foundation\\Console\\Kernel.php(310): Illuminate\\Foundation\\Application->bootstrapWith(Array)
#32 C:\\xampp.7.4\\htdocs\\sheikhalalfarms.freshhub.ca\\vendor\\laravel\\framework\\src\\Illuminate\\Foundation\\Console\\Kernel.php(127): Illuminate\\Foundation\\Console\\Kernel->bootstrap()
#33 C:\\xampp.7.4\\htdocs\\sheikhalalfarms.freshhub.ca\\artisan(37): Illuminate\\Foundation\\Console\\Kernel->handle(Object(Symfony\\Component\\Console\\Input\\ArgvInput), Object(Symfony\\Component\\Console\\Output\\ConsoleOutput))
#34 {main}

[previous exception] [object] (PDOException(code: 1045): SQLSTATE[HY000] [1045] Access denied for user 'freshhub_sheikhalalfarms'@'localhost' (using password: YES) at C:\\xampp.7.4\\htdocs\\sheikhalalfarms.freshhub.ca\\vendor\\doctrine\\dbal\\lib\\Doctrine\\DBAL\\Driver\\PDOConnection.php:40)
[stacktrace]
#0 C:\\xampp.7.4\\htdocs\\sheikhalalfarms.freshhub.ca\\vendor\\doctrine\\dbal\\lib\\Doctrine\\DBAL\\Driver\\PDOConnection.php(40): PDO->__construct('mysql:host=127....', 'freshhub_sheikh...', '+T}exgRBQs1}', Array)
#1 C:\\xampp.7.4\\htdocs\\sheikhalalfarms.freshhub.ca\\vendor\\laravel\\framework\\src\\Illuminate\\Database\\Connectors\\Connector.php(67): Doctrine\\DBAL\\Driver\\PDOConnection->__construct('mysql:host=127....', 'freshhub_sheikh...', '+T}exgRBQs1}', Array)
#2 C:\\xampp.7.4\\htdocs\\sheikhalalfarms.freshhub.ca\\vendor\\laravel\\framework\\src\\Illuminate\\Database\\Connectors\\Connector.php(46): Illuminate\\Database\\Connectors\\Connector->createPdoConnection('mysql:host=127....', 'freshhub_sheikh...', '+T}exgRBQs1}', Array)
#3 C:\\xampp.7.4\\htdocs\\sheikhalalfarms.freshhub.ca\\vendor\\laravel\\framework\\src\\Illuminate\\Database\\Connectors\\MySqlConnector.php(24): Illuminate\\Database\\Connectors\\Connector->createConnection('mysql:host=127....', Array, Array)
#4 C:\\xampp.7.4\\htdocs\\sheikhalalfarms.freshhub.ca\\vendor\\laravel\\framework\\src\\Illuminate\\Database\\Connectors\\ConnectionFactory.php(184): Illuminate\\Database\\Connectors\\MySqlConnector->connect(Array)
#5 [internal function]: Illuminate\\Database\\Connectors\\ConnectionFactory->Illuminate\\Database\\Connectors\\{closure}()
#6 C:\\xampp.7.4\\htdocs\\sheikhalalfarms.freshhub.ca\\vendor\\laravel\\framework\\src\\Illuminate\\Database\\Connection.php(926): call_user_func(Object(Closure))
#7 C:\\xampp.7.4\\htdocs\\sheikhalalfarms.freshhub.ca\\vendor\\laravel\\framework\\src\\Illuminate\\Database\\Connection.php(961): Illuminate\\Database\\Connection->getPdo()
#8 C:\\xampp.7.4\\htdocs\\sheikhalalfarms.freshhub.ca\\vendor\\laravel\\framework\\src\\Illuminate\\Database\\Connection.php(405): Illuminate\\Database\\Connection->getReadPdo()
#9 C:\\xampp.7.4\\htdocs\\sheikhalalfarms.freshhub.ca\\vendor\\laravel\\framework\\src\\Illuminate\\Database\\Connection.php(331): Illuminate\\Database\\Connection->getPdoForSelect(true)
#10 C:\\xampp.7.4\\htdocs\\sheikhalalfarms.freshhub.ca\\vendor\\laravel\\framework\\src\\Illuminate\\Database\\Connection.php(664): Illuminate\\Database\\Connection->Illuminate\\Database\\{closure}('select * from `...', Array)
#11 C:\\xampp.7.4\\htdocs\\sheikhalalfarms.freshhub.ca\\vendor\\laravel\\framework\\src\\Illuminate\\Database\\Connection.php(631): Illuminate\\Database\\Connection->runQueryCallback('select * from `...', Array, Object(Closure))
#12 C:\\xampp.7.4\\htdocs\\sheikhalalfarms.freshhub.ca\\vendor\\laravel\\framework\\src\\Illuminate\\Database\\Connection.php(339): Illuminate\\Database\\Connection->run('select * from `...', Array, Object(Closure))
#13 C:\\xampp.7.4\\htdocs\\sheikhalalfarms.freshhub.ca\\vendor\\laravel\\framework\\src\\Illuminate\\Database\\Query\\Builder.php(2270): Illuminate\\Database\\Connection->select('select * from `...', Array, true)
#14 C:\\xampp.7.4\\htdocs\\sheikhalalfarms.freshhub.ca\\vendor\\laravel\\framework\\src\\Illuminate\\Database\\Query\\Builder.php(2258): Illuminate\\Database\\Query\\Builder->runSelect()
#15 C:\\xampp.7.4\\htdocs\\sheikhalalfarms.freshhub.ca\\vendor\\laravel\\framework\\src\\Illuminate\\Database\\Query\\Builder.php(2753): Illuminate\\Database\\Query\\Builder->Illuminate\\Database\\Query\\{closure}()
#16 C:\\xampp.7.4\\htdocs\\sheikhalalfarms.freshhub.ca\\vendor\\laravel\\framework\\src\\Illuminate\\Database\\Query\\Builder.php(2259): Illuminate\\Database\\Query\\Builder->onceWithColumns(Array, Object(Closure))
#17 C:\\xampp.7.4\\htdocs\\sheikhalalfarms.freshhub.ca\\vendor\\laravel\\framework\\src\\Illuminate\\Database\\Eloquent\\Builder.php(548): Illuminate\\Database\\Query\\Builder->get(Array)
#18 C:\\xampp.7.4\\htdocs\\sheikhalalfarms.freshhub.ca\\vendor\\laravel\\framework\\src\\Illuminate\\Database\\Eloquent\\Builder.php(532): Illuminate\\Database\\Eloquent\\Builder->getModels(Array)
#19 C:\\xampp.7.4\\htdocs\\sheikhalalfarms.freshhub.ca\\app\\Providers\\AppServiceProvider.php(28): Illuminate\\Database\\Eloquent\\Builder->get()
#20 C:\\xampp.7.4\\htdocs\\sheikhalalfarms.freshhub.ca\\vendor\\laravel\\framework\\src\\Illuminate\\Container\\BoundMethod.php(36): App\\Providers\\AppServiceProvider->boot()
#21 C:\\xampp.7.4\\htdocs\\sheikhalalfarms.freshhub.ca\\vendor\\laravel\\framework\\src\\Illuminate\\Container\\Util.php(37): Illuminate\\Container\\BoundMethod::Illuminate\\Container\\{closure}()
#22 C:\\xampp.7.4\\htdocs\\sheikhalalfarms.freshhub.ca\\vendor\\laravel\\framework\\src\\Illuminate\\Container\\BoundMethod.php(93): Illuminate\\Container\\Util::unwrapIfClosure(Object(Closure))
#23 C:\\xampp.7.4\\htdocs\\sheikhalalfarms.freshhub.ca\\vendor\\laravel\\framework\\src\\Illuminate\\Container\\BoundMethod.php(37): Illuminate\\Container\\BoundMethod::callBoundMethod(Object(Illuminate\\Foundation\\Application), Array, Object(Closure))
#24 C:\\xampp.7.4\\htdocs\\sheikhalalfarms.freshhub.ca\\vendor\\laravel\\framework\\src\\Illuminate\\Container\\Container.php(596): Illuminate\\Container\\BoundMethod::call(Object(Illuminate\\Foundation\\Application), Array, Array, NULL)
#25 C:\\xampp.7.4\\htdocs\\sheikhalalfarms.freshhub.ca\\vendor\\laravel\\framework\\src\\Illuminate\\Foundation\\Application.php(867): Illuminate\\Container\\Container->call(Array)
#26 C:\\xampp.7.4\\htdocs\\sheikhalalfarms.freshhub.ca\\vendor\\laravel\\framework\\src\\Illuminate\\Foundation\\Application.php(850): Illuminate\\Foundation\\Application->bootProvider(Object(App\\Providers\\AppServiceProvider))
#27 [internal function]: Illuminate\\Foundation\\Application->Illuminate\\Foundation\\{closure}(Object(App\\Providers\\AppServiceProvider), 28)
#28 C:\\xampp.7.4\\htdocs\\sheikhalalfarms.freshhub.ca\\vendor\\laravel\\framework\\src\\Illuminate\\Foundation\\Application.php(851): array_walk(Array, Object(Closure))
#29 C:\\xampp.7.4\\htdocs\\sheikhalalfarms.freshhub.ca\\vendor\\laravel\\framework\\src\\Illuminate\\Foundation\\Bootstrap\\BootProviders.php(17): Illuminate\\Foundation\\Application->boot()
#30 C:\\xampp.7.4\\htdocs\\sheikhalalfarms.freshhub.ca\\vendor\\laravel\\framework\\src\\Illuminate\\Foundation\\Application.php(230): Illuminate\\Foundation\\Bootstrap\\BootProviders->bootstrap(Object(Illuminate\\Foundation\\Application))
#31 C:\\xampp.7.4\\htdocs\\sheikhalalfarms.freshhub.ca\\vendor\\laravel\\framework\\src\\Illuminate\\Foundation\\Console\\Kernel.php(310): Illuminate\\Foundation\\Application->bootstrapWith(Array)
#32 C:\\xampp.7.4\\htdocs\\sheikhalalfarms.freshhub.ca\\vendor\\laravel\\framework\\src\\Illuminate\\Foundation\\Console\\Kernel.php(127): Illuminate\\Foundation\\Console\\Kernel->bootstrap()
#33 C:\\xampp.7.4\\htdocs\\sheikhalalfarms.freshhub.ca\\artisan(37): Illuminate\\Foundation\\Console\\Kernel->handle(Object(Symfony\\Component\\Console\\Input\\ArgvInput), Object(Symfony\\Component\\Console\\Output\\ConsoleOutput))
#34 {main}
"} 
[2024-07-29 06:21:19] local.ERROR: SQLSTATE[42S02]: Base table or view not found: 1146 Table 'freshhub.user_types' doesn't exist (SQL: select * from `user_types` where `id` != 1) {"exception":"[object] (Illuminate\\Database\\QueryException(code: 42S02): SQLSTATE[42S02]: Base table or view not found: 1146 Table 'freshhub.user_types' doesn't exist (SQL: select * from `user_types` where `id` != 1) at C:\\xampp.7.4\\htdocs\\sheikhalalfarms.freshhub.ca\\vendor\\laravel\\framework\\src\\Illuminate\\Database\\Connection.php:671)
[stacktrace]
#0 C:\\xampp.7.4\\htdocs\\sheikhalalfarms.freshhub.ca\\vendor\\laravel\\framework\\src\\Illuminate\\Database\\Connection.php(631): Illuminate\\Database\\Connection->runQueryCallback('select * from `...', Array, Object(Closure))
#1 C:\\xampp.7.4\\htdocs\\sheikhalalfarms.freshhub.ca\\vendor\\laravel\\framework\\src\\Illuminate\\Database\\Connection.php(339): Illuminate\\Database\\Connection->run('select * from `...', Array, Object(Closure))
#2 C:\\xampp.7.4\\htdocs\\sheikhalalfarms.freshhub.ca\\vendor\\laravel\\framework\\src\\Illuminate\\Database\\Query\\Builder.php(2270): Illuminate\\Database\\Connection->select('select * from `...', Array, true)
#3 C:\\xampp.7.4\\htdocs\\sheikhalalfarms.freshhub.ca\\vendor\\laravel\\framework\\src\\Illuminate\\Database\\Query\\Builder.php(2258): Illuminate\\Database\\Query\\Builder->runSelect()
#4 C:\\xampp.7.4\\htdocs\\sheikhalalfarms.freshhub.ca\\vendor\\laravel\\framework\\src\\Illuminate\\Database\\Query\\Builder.php(2753): Illuminate\\Database\\Query\\Builder->Illuminate\\Database\\Query\\{closure}()
#5 C:\\xampp.7.4\\htdocs\\sheikhalalfarms.freshhub.ca\\vendor\\laravel\\framework\\src\\Illuminate\\Database\\Query\\Builder.php(2259): Illuminate\\Database\\Query\\Builder->onceWithColumns(Array, Object(Closure))
#6 C:\\xampp.7.4\\htdocs\\sheikhalalfarms.freshhub.ca\\vendor\\laravel\\framework\\src\\Illuminate\\Database\\Eloquent\\Builder.php(548): Illuminate\\Database\\Query\\Builder->get(Array)
#7 C:\\xampp.7.4\\htdocs\\sheikhalalfarms.freshhub.ca\\vendor\\laravel\\framework\\src\\Illuminate\\Database\\Eloquent\\Builder.php(532): Illuminate\\Database\\Eloquent\\Builder->getModels(Array)
#8 C:\\xampp.7.4\\htdocs\\sheikhalalfarms.freshhub.ca\\app\\Providers\\AppServiceProvider.php(28): Illuminate\\Database\\Eloquent\\Builder->get()
#9 C:\\xampp.7.4\\htdocs\\sheikhalalfarms.freshhub.ca\\vendor\\laravel\\framework\\src\\Illuminate\\Container\\BoundMethod.php(36): App\\Providers\\AppServiceProvider->boot()
#10 C:\\xampp.7.4\\htdocs\\sheikhalalfarms.freshhub.ca\\vendor\\laravel\\framework\\src\\Illuminate\\Container\\Util.php(37): Illuminate\\Container\\BoundMethod::Illuminate\\Container\\{closure}()
#11 C:\\xampp.7.4\\htdocs\\sheikhalalfarms.freshhub.ca\\vendor\\laravel\\framework\\src\\Illuminate\\Container\\BoundMethod.php(93): Illuminate\\Container\\Util::unwrapIfClosure(Object(Closure))
#12 C:\\xampp.7.4\\htdocs\\sheikhalalfarms.freshhub.ca\\vendor\\laravel\\framework\\src\\Illuminate\\Container\\BoundMethod.php(37): Illuminate\\Container\\BoundMethod::callBoundMethod(Object(Illuminate\\Foundation\\Application), Array, Object(Closure))
#13 C:\\xampp.7.4\\htdocs\\sheikhalalfarms.freshhub.ca\\vendor\\laravel\\framework\\src\\Illuminate\\Container\\Container.php(596): Illuminate\\Container\\BoundMethod::call(Object(Illuminate\\Foundation\\Application), Array, Array, NULL)
#14 C:\\xampp.7.4\\htdocs\\sheikhalalfarms.freshhub.ca\\vendor\\laravel\\framework\\src\\Illuminate\\Foundation\\Application.php(867): Illuminate\\Container\\Container->call(Array)
#15 C:\\xampp.7.4\\htdocs\\sheikhalalfarms.freshhub.ca\\vendor\\laravel\\framework\\src\\Illuminate\\Foundation\\Application.php(850): Illuminate\\Foundation\\Application->bootProvider(Object(App\\Providers\\AppServiceProvider))
#16 [internal function]: Illuminate\\Foundation\\Application->Illuminate\\Foundation\\{closure}(Object(App\\Providers\\AppServiceProvider), 29)
#17 C:\\xampp.7.4\\htdocs\\sheikhalalfarms.freshhub.ca\\vendor\\laravel\\framework\\src\\Illuminate\\Foundation\\Application.php(851): array_walk(Array, Object(Closure))
#18 C:\\xampp.7.4\\htdocs\\sheikhalalfarms.freshhub.ca\\vendor\\laravel\\framework\\src\\Illuminate\\Foundation\\Bootstrap\\BootProviders.php(17): Illuminate\\Foundation\\Application->boot()
#19 C:\\xampp.7.4\\htdocs\\sheikhalalfarms.freshhub.ca\\vendor\\laravel\\framework\\src\\Illuminate\\Foundation\\Application.php(230): Illuminate\\Foundation\\Bootstrap\\BootProviders->bootstrap(Object(Illuminate\\Foundation\\Application))
#20 C:\\xampp.7.4\\htdocs\\sheikhalalfarms.freshhub.ca\\vendor\\laravel\\framework\\src\\Illuminate\\Foundation\\Console\\Kernel.php(310): Illuminate\\Foundation\\Application->bootstrapWith(Array)
#21 C:\\xampp.7.4\\htdocs\\sheikhalalfarms.freshhub.ca\\vendor\\laravel\\framework\\src\\Illuminate\\Foundation\\Console\\Kernel.php(127): Illuminate\\Foundation\\Console\\Kernel->bootstrap()
#22 C:\\xampp.7.4\\htdocs\\sheikhalalfarms.freshhub.ca\\artisan(37): Illuminate\\Foundation\\Console\\Kernel->handle(Object(Symfony\\Component\\Console\\Input\\ArgvInput), Object(Symfony\\Component\\Console\\Output\\ConsoleOutput))
#23 {main}

[previous exception] [object] (Doctrine\\DBAL\\Driver\\PDO\\Exception(code: 42S02): SQLSTATE[42S02]: Base table or view not found: 1146 Table 'freshhub.user_types' doesn't exist at C:\\xampp.7.4\\htdocs\\sheikhalalfarms.freshhub.ca\\vendor\\doctrine\\dbal\\lib\\Doctrine\\DBAL\\Driver\\PDO\\Exception.php:18)
[stacktrace]
#0 C:\\xampp.7.4\\htdocs\\sheikhalalfarms.freshhub.ca\\vendor\\doctrine\\dbal\\lib\\Doctrine\\DBAL\\Driver\\PDOConnection.php(87): Doctrine\\DBAL\\Driver\\PDO\\Exception::new(Object(PDOException))
#1 C:\\xampp.7.4\\htdocs\\sheikhalalfarms.freshhub.ca\\vendor\\laravel\\framework\\src\\Illuminate\\Database\\Connection.php(331): Doctrine\\DBAL\\Driver\\PDOConnection->prepare('select * from `...')
#2 C:\\xampp.7.4\\htdocs\\sheikhalalfarms.freshhub.ca\\vendor\\laravel\\framework\\src\\Illuminate\\Database\\Connection.php(664): Illuminate\\Database\\Connection->Illuminate\\Database\\{closure}('select * from `...', Array)
#3 C:\\xampp.7.4\\htdocs\\sheikhalalfarms.freshhub.ca\\vendor\\laravel\\framework\\src\\Illuminate\\Database\\Connection.php(631): Illuminate\\Database\\Connection->runQueryCallback('select * from `...', Array, Object(Closure))
#4 C:\\xampp.7.4\\htdocs\\sheikhalalfarms.freshhub.ca\\vendor\\laravel\\framework\\src\\Illuminate\\Database\\Connection.php(339): Illuminate\\Database\\Connection->run('select * from `...', Array, Object(Closure))
#5 C:\\xampp.7.4\\htdocs\\sheikhalalfarms.freshhub.ca\\vendor\\laravel\\framework\\src\\Illuminate\\Database\\Query\\Builder.php(2270): Illuminate\\Database\\Connection->select('select * from `...', Array, true)
#6 C:\\xampp.7.4\\htdocs\\sheikhalalfarms.freshhub.ca\\vendor\\laravel\\framework\\src\\Illuminate\\Database\\Query\\Builder.php(2258): Illuminate\\Database\\Query\\Builder->runSelect()
#7 C:\\xampp.7.4\\htdocs\\sheikhalalfarms.freshhub.ca\\vendor\\laravel\\framework\\src\\Illuminate\\Database\\Query\\Builder.php(2753): Illuminate\\Database\\Query\\Builder->Illuminate\\Database\\Query\\{closure}()
#8 C:\\xampp.7.4\\htdocs\\sheikhalalfarms.freshhub.ca\\vendor\\laravel\\framework\\src\\Illuminate\\Database\\Query\\Builder.php(2259): Illuminate\\Database\\Query\\Builder->onceWithColumns(Array, Object(Closure))
#9 C:\\xampp.7.4\\htdocs\\sheikhalalfarms.freshhub.ca\\vendor\\laravel\\framework\\src\\Illuminate\\Database\\Eloquent\\Builder.php(548): Illuminate\\Database\\Query\\Builder->get(Array)
#10 C:\\xampp.7.4\\htdocs\\sheikhalalfarms.freshhub.ca\\vendor\\laravel\\framework\\src\\Illuminate\\Database\\Eloquent\\Builder.php(532): Illuminate\\Database\\Eloquent\\Builder->getModels(Array)
#11 C:\\xampp.7.4\\htdocs\\sheikhalalfarms.freshhub.ca\\app\\Providers\\AppServiceProvider.php(28): Illuminate\\Database\\Eloquent\\Builder->get()
#12 C:\\xampp.7.4\\htdocs\\sheikhalalfarms.freshhub.ca\\vendor\\laravel\\framework\\src\\Illuminate\\Container\\BoundMethod.php(36): App\\Providers\\AppServiceProvider->boot()
#13 C:\\xampp.7.4\\htdocs\\sheikhalalfarms.freshhub.ca\\vendor\\laravel\\framework\\src\\Illuminate\\Container\\Util.php(37): Illuminate\\Container\\BoundMethod::Illuminate\\Container\\{closure}()
#14 C:\\xampp.7.4\\htdocs\\sheikhalalfarms.freshhub.ca\\vendor\\laravel\\framework\\src\\Illuminate\\Container\\BoundMethod.php(93): Illuminate\\Container\\Util::unwrapIfClosure(Object(Closure))
#15 C:\\xampp.7.4\\htdocs\\sheikhalalfarms.freshhub.ca\\vendor\\laravel\\framework\\src\\Illuminate\\Container\\BoundMethod.php(37): Illuminate\\Container\\BoundMethod::callBoundMethod(Object(Illuminate\\Foundation\\Application), Array, Object(Closure))
#16 C:\\xampp.7.4\\htdocs\\sheikhalalfarms.freshhub.ca\\vendor\\laravel\\framework\\src\\Illuminate\\Container\\Container.php(596): Illuminate\\Container\\BoundMethod::call(Object(Illuminate\\Foundation\\Application), Array, Array, NULL)
#17 C:\\xampp.7.4\\htdocs\\sheikhalalfarms.freshhub.ca\\vendor\\laravel\\framework\\src\\Illuminate\\Foundation\\Application.php(867): Illuminate\\Container\\Container->call(Array)
#18 C:\\xampp.7.4\\htdocs\\sheikhalalfarms.freshhub.ca\\vendor\\laravel\\framework\\src\\Illuminate\\Foundation\\Application.php(850): Illuminate\\Foundation\\Application->bootProvider(Object(App\\Providers\\AppServiceProvider))
#19 [internal function]: Illuminate\\Foundation\\Application->Illuminate\\Foundation\\{closure}(Object(App\\Providers\\AppServiceProvider), 29)
#20 C:\\xampp.7.4\\htdocs\\sheikhalalfarms.freshhub.ca\\vendor\\laravel\\framework\\src\\Illuminate\\Foundation\\Application.php(851): array_walk(Array, Object(Closure))
#21 C:\\xampp.7.4\\htdocs\\sheikhalalfarms.freshhub.ca\\vendor\\laravel\\framework\\src\\Illuminate\\Foundation\\Bootstrap\\BootProviders.php(17): Illuminate\\Foundation\\Application->boot()
#22 C:\\xampp.7.4\\htdocs\\sheikhalalfarms.freshhub.ca\\vendor\\laravel\\framework\\src\\Illuminate\\Foundation\\Application.php(230): Illuminate\\Foundation\\Bootstrap\\BootProviders->bootstrap(Object(Illuminate\\Foundation\\Application))
#23 C:\\xampp.7.4\\htdocs\\sheikhalalfarms.freshhub.ca\\vendor\\laravel\\framework\\src\\Illuminate\\Foundation\\Console\\Kernel.php(310): Illuminate\\Foundation\\Application->bootstrapWith(Array)
#24 C:\\xampp.7.4\\htdocs\\sheikhalalfarms.freshhub.ca\\vendor\\laravel\\framework\\src\\Illuminate\\Foundation\\Console\\Kernel.php(127): Illuminate\\Foundation\\Console\\Kernel->bootstrap()
#25 C:\\xampp.7.4\\htdocs\\sheikhalalfarms.freshhub.ca\\artisan(37): Illuminate\\Foundation\\Console\\Kernel->handle(Object(Symfony\\Component\\Console\\Input\\ArgvInput), Object(Symfony\\Component\\Console\\Output\\ConsoleOutput))
#26 {main}

[previous exception] [object] (PDOException(code: 42S02): SQLSTATE[42S02]: Base table or view not found: 1146 Table 'freshhub.user_types' doesn't exist at C:\\xampp.7.4\\htdocs\\sheikhalalfarms.freshhub.ca\\vendor\\doctrine\\dbal\\lib\\Doctrine\\DBAL\\Driver\\PDOConnection.php:82)
[stacktrace]
#0 C:\\xampp.7.4\\htdocs\\sheikhalalfarms.freshhub.ca\\vendor\\doctrine\\dbal\\lib\\Doctrine\\DBAL\\Driver\\PDOConnection.php(82): PDO->prepare('select * from `...', Array)
#1 C:\\xampp.7.4\\htdocs\\sheikhalalfarms.freshhub.ca\\vendor\\laravel\\framework\\src\\Illuminate\\Database\\Connection.php(331): Doctrine\\DBAL\\Driver\\PDOConnection->prepare('select * from `...')
#2 C:\\xampp.7.4\\htdocs\\sheikhalalfarms.freshhub.ca\\vendor\\laravel\\framework\\src\\Illuminate\\Database\\Connection.php(664): Illuminate\\Database\\Connection->Illuminate\\Database\\{closure}('select * from `...', Array)
#3 C:\\xampp.7.4\\htdocs\\sheikhalalfarms.freshhub.ca\\vendor\\laravel\\framework\\src\\Illuminate\\Database\\Connection.php(631): Illuminate\\Database\\Connection->runQueryCallback('select * from `...', Array, Object(Closure))
#4 C:\\xampp.7.4\\htdocs\\sheikhalalfarms.freshhub.ca\\vendor\\laravel\\framework\\src\\Illuminate\\Database\\Connection.php(339): Illuminate\\Database\\Connection->run('select * from `...', Array, Object(Closure))
#5 C:\\xampp.7.4\\htdocs\\sheikhalalfarms.freshhub.ca\\vendor\\laravel\\framework\\src\\Illuminate\\Database\\Query\\Builder.php(2270): Illuminate\\Database\\Connection->select('select * from `...', Array, true)
#6 C:\\xampp.7.4\\htdocs\\sheikhalalfarms.freshhub.ca\\vendor\\laravel\\framework\\src\\Illuminate\\Database\\Query\\Builder.php(2258): Illuminate\\Database\\Query\\Builder->runSelect()
#7 C:\\xampp.7.4\\htdocs\\sheikhalalfarms.freshhub.ca\\vendor\\laravel\\framework\\src\\Illuminate\\Database\\Query\\Builder.php(2753): Illuminate\\Database\\Query\\Builder->Illuminate\\Database\\Query\\{closure}()
#8 C:\\xampp.7.4\\htdocs\\sheikhalalfarms.freshhub.ca\\vendor\\laravel\\framework\\src\\Illuminate\\Database\\Query\\Builder.php(2259): Illuminate\\Database\\Query\\Builder->onceWithColumns(Array, Object(Closure))
#9 C:\\xampp.7.4\\htdocs\\sheikhalalfarms.freshhub.ca\\vendor\\laravel\\framework\\src\\Illuminate\\Database\\Eloquent\\Builder.php(548): Illuminate\\Database\\Query\\Builder->get(Array)
#10 C:\\xampp.7.4\\htdocs\\sheikhalalfarms.freshhub.ca\\vendor\\laravel\\framework\\src\\Illuminate\\Database\\Eloquent\\Builder.php(532): Illuminate\\Database\\Eloquent\\Builder->getModels(Array)
#11 C:\\xampp.7.4\\htdocs\\sheikhalalfarms.freshhub.ca\\app\\Providers\\AppServiceProvider.php(28): Illuminate\\Database\\Eloquent\\Builder->get()
#12 C:\\xampp.7.4\\htdocs\\sheikhalalfarms.freshhub.ca\\vendor\\laravel\\framework\\src\\Illuminate\\Container\\BoundMethod.php(36): App\\Providers\\AppServiceProvider->boot()
#13 C:\\xampp.7.4\\htdocs\\sheikhalalfarms.freshhub.ca\\vendor\\laravel\\framework\\src\\Illuminate\\Container\\Util.php(37): Illuminate\\Container\\BoundMethod::Illuminate\\Container\\{closure}()
#14 C:\\xampp.7.4\\htdocs\\sheikhalalfarms.freshhub.ca\\vendor\\laravel\\framework\\src\\Illuminate\\Container\\BoundMethod.php(93): Illuminate\\Container\\Util::unwrapIfClosure(Object(Closure))
#15 C:\\xampp.7.4\\htdocs\\sheikhalalfarms.freshhub.ca\\vendor\\laravel\\framework\\src\\Illuminate\\Container\\BoundMethod.php(37): Illuminate\\Container\\BoundMethod::callBoundMethod(Object(Illuminate\\Foundation\\Application), Array, Object(Closure))
#16 C:\\xampp.7.4\\htdocs\\sheikhalalfarms.freshhub.ca\\vendor\\laravel\\framework\\src\\Illuminate\\Container\\Container.php(596): Illuminate\\Container\\BoundMethod::call(Object(Illuminate\\Foundation\\Application), Array, Array, NULL)
#17 C:\\xampp.7.4\\htdocs\\sheikhalalfarms.freshhub.ca\\vendor\\laravel\\framework\\src\\Illuminate\\Foundation\\Application.php(867): Illuminate\\Container\\Container->call(Array)
#18 C:\\xampp.7.4\\htdocs\\sheikhalalfarms.freshhub.ca\\vendor\\laravel\\framework\\src\\Illuminate\\Foundation\\Application.php(850): Illuminate\\Foundation\\Application->bootProvider(Object(App\\Providers\\AppServiceProvider))
#19 [internal function]: Illuminate\\Foundation\\Application->Illuminate\\Foundation\\{closure}(Object(App\\Providers\\AppServiceProvider), 29)
#20 C:\\xampp.7.4\\htdocs\\sheikhalalfarms.freshhub.ca\\vendor\\laravel\\framework\\src\\Illuminate\\Foundation\\Application.php(851): array_walk(Array, Object(Closure))
#21 C:\\xampp.7.4\\htdocs\\sheikhalalfarms.freshhub.ca\\vendor\\laravel\\framework\\src\\Illuminate\\Foundation\\Bootstrap\\BootProviders.php(17): Illuminate\\Foundation\\Application->boot()
#22 C:\\xampp.7.4\\htdocs\\sheikhalalfarms.freshhub.ca\\vendor\\laravel\\framework\\src\\Illuminate\\Foundation\\Application.php(230): Illuminate\\Foundation\\Bootstrap\\BootProviders->bootstrap(Object(Illuminate\\Foundation\\Application))
#23 C:\\xampp.7.4\\htdocs\\sheikhalalfarms.freshhub.ca\\vendor\\laravel\\framework\\src\\Illuminate\\Foundation\\Console\\Kernel.php(310): Illuminate\\Foundation\\Application->bootstrapWith(Array)
#24 C:\\xampp.7.4\\htdocs\\sheikhalalfarms.freshhub.ca\\vendor\\laravel\\framework\\src\\Illuminate\\Foundation\\Console\\Kernel.php(127): Illuminate\\Foundation\\Console\\Kernel->bootstrap()
#25 C:\\xampp.7.4\\htdocs\\sheikhalalfarms.freshhub.ca\\artisan(37): Illuminate\\Foundation\\Console\\Kernel->handle(Object(Symfony\\Component\\Console\\Input\\ArgvInput), Object(Symfony\\Component\\Console\\Output\\ConsoleOutput))
#26 {main}
"} 
[2024-07-29 06:21:29] local.ERROR: SQLSTATE[42S02]: Base table or view not found: 1146 Table 'freshhub.user_types' doesn't exist (SQL: select * from `user_types` where `id` != 1) {"exception":"[object] (Illuminate\\Database\\QueryException(code: 42S02): SQLSTATE[42S02]: Base table or view not found: 1146 Table 'freshhub.user_types' doesn't exist (SQL: select * from `user_types` where `id` != 1) at C:\\xampp.7.4\\htdocs\\sheikhalalfarms.freshhub.ca\\vendor\\laravel\\framework\\src\\Illuminate\\Database\\Connection.php:671)
[stacktrace]
#0 C:\\xampp.7.4\\htdocs\\sheikhalalfarms.freshhub.ca\\vendor\\laravel\\framework\\src\\Illuminate\\Database\\Connection.php(631): Illuminate\\Database\\Connection->runQueryCallback('select * from `...', Array, Object(Closure))
#1 C:\\xampp.7.4\\htdocs\\sheikhalalfarms.freshhub.ca\\vendor\\laravel\\framework\\src\\Illuminate\\Database\\Connection.php(339): Illuminate\\Database\\Connection->run('select * from `...', Array, Object(Closure))
#2 C:\\xampp.7.4\\htdocs\\sheikhalalfarms.freshhub.ca\\vendor\\laravel\\framework\\src\\Illuminate\\Database\\Query\\Builder.php(2270): Illuminate\\Database\\Connection->select('select * from `...', Array, true)
#3 C:\\xampp.7.4\\htdocs\\sheikhalalfarms.freshhub.ca\\vendor\\laravel\\framework\\src\\Illuminate\\Database\\Query\\Builder.php(2258): Illuminate\\Database\\Query\\Builder->runSelect()
#4 C:\\xampp.7.4\\htdocs\\sheikhalalfarms.freshhub.ca\\vendor\\laravel\\framework\\src\\Illuminate\\Database\\Query\\Builder.php(2753): Illuminate\\Database\\Query\\Builder->Illuminate\\Database\\Query\\{closure}()
#5 C:\\xampp.7.4\\htdocs\\sheikhalalfarms.freshhub.ca\\vendor\\laravel\\framework\\src\\Illuminate\\Database\\Query\\Builder.php(2259): Illuminate\\Database\\Query\\Builder->onceWithColumns(Array, Object(Closure))
#6 C:\\xampp.7.4\\htdocs\\sheikhalalfarms.freshhub.ca\\vendor\\laravel\\framework\\src\\Illuminate\\Database\\Eloquent\\Builder.php(548): Illuminate\\Database\\Query\\Builder->get(Array)
#7 C:\\xampp.7.4\\htdocs\\sheikhalalfarms.freshhub.ca\\vendor\\laravel\\framework\\src\\Illuminate\\Database\\Eloquent\\Builder.php(532): Illuminate\\Database\\Eloquent\\Builder->getModels(Array)
#8 C:\\xampp.7.4\\htdocs\\sheikhalalfarms.freshhub.ca\\app\\Providers\\AppServiceProvider.php(28): Illuminate\\Database\\Eloquent\\Builder->get()
#9 C:\\xampp.7.4\\htdocs\\sheikhalalfarms.freshhub.ca\\vendor\\laravel\\framework\\src\\Illuminate\\Container\\BoundMethod.php(36): App\\Providers\\AppServiceProvider->boot()
#10 C:\\xampp.7.4\\htdocs\\sheikhalalfarms.freshhub.ca\\vendor\\laravel\\framework\\src\\Illuminate\\Container\\Util.php(37): Illuminate\\Container\\BoundMethod::Illuminate\\Container\\{closure}()
#11 C:\\xampp.7.4\\htdocs\\sheikhalalfarms.freshhub.ca\\vendor\\laravel\\framework\\src\\Illuminate\\Container\\BoundMethod.php(93): Illuminate\\Container\\Util::unwrapIfClosure(Object(Closure))
#12 C:\\xampp.7.4\\htdocs\\sheikhalalfarms.freshhub.ca\\vendor\\laravel\\framework\\src\\Illuminate\\Container\\BoundMethod.php(37): Illuminate\\Container\\BoundMethod::callBoundMethod(Object(Illuminate\\Foundation\\Application), Array, Object(Closure))
#13 C:\\xampp.7.4\\htdocs\\sheikhalalfarms.freshhub.ca\\vendor\\laravel\\framework\\src\\Illuminate\\Container\\Container.php(596): Illuminate\\Container\\BoundMethod::call(Object(Illuminate\\Foundation\\Application), Array, Array, NULL)
#14 C:\\xampp.7.4\\htdocs\\sheikhalalfarms.freshhub.ca\\vendor\\laravel\\framework\\src\\Illuminate\\Foundation\\Application.php(867): Illuminate\\Container\\Container->call(Array)
#15 C:\\xampp.7.4\\htdocs\\sheikhalalfarms.freshhub.ca\\vendor\\laravel\\framework\\src\\Illuminate\\Foundation\\Application.php(850): Illuminate\\Foundation\\Application->bootProvider(Object(App\\Providers\\AppServiceProvider))
#16 [internal function]: Illuminate\\Foundation\\Application->Illuminate\\Foundation\\{closure}(Object(App\\Providers\\AppServiceProvider), 29)
#17 C:\\xampp.7.4\\htdocs\\sheikhalalfarms.freshhub.ca\\vendor\\laravel\\framework\\src\\Illuminate\\Foundation\\Application.php(851): array_walk(Array, Object(Closure))
#18 C:\\xampp.7.4\\htdocs\\sheikhalalfarms.freshhub.ca\\vendor\\laravel\\framework\\src\\Illuminate\\Foundation\\Bootstrap\\BootProviders.php(17): Illuminate\\Foundation\\Application->boot()
#19 C:\\xampp.7.4\\htdocs\\sheikhalalfarms.freshhub.ca\\vendor\\laravel\\framework\\src\\Illuminate\\Foundation\\Application.php(230): Illuminate\\Foundation\\Bootstrap\\BootProviders->bootstrap(Object(Illuminate\\Foundation\\Application))
#20 C:\\xampp.7.4\\htdocs\\sheikhalalfarms.freshhub.ca\\vendor\\laravel\\framework\\src\\Illuminate\\Foundation\\Http\\Kernel.php(151): Illuminate\\Foundation\\Application->bootstrapWith(Array)
#21 C:\\xampp.7.4\\htdocs\\sheikhalalfarms.freshhub.ca\\vendor\\laravel\\framework\\src\\Illuminate\\Foundation\\Http\\Kernel.php(135): Illuminate\\Foundation\\Http\\Kernel->bootstrap()
#22 C:\\xampp.7.4\\htdocs\\sheikhalalfarms.freshhub.ca\\vendor\\laravel\\framework\\src\\Illuminate\\Foundation\\Http\\Kernel.php(109): Illuminate\\Foundation\\Http\\Kernel->sendRequestThroughRouter(Object(Illuminate\\Http\\Request))
#23 C:\\xampp.7.4\\htdocs\\sheikhalalfarms.freshhub.ca\\public\\index.php(52): Illuminate\\Foundation\\Http\\Kernel->handle(Object(Illuminate\\Http\\Request))
#24 C:\\xampp.7.4\\htdocs\\sheikhalalfarms.freshhub.ca\\server.php(21): require_once('C:\\\\xampp.7.4\\\\ht...')
#25 {main}

[previous exception] [object] (Doctrine\\DBAL\\Driver\\PDO\\Exception(code: 42S02): SQLSTATE[42S02]: Base table or view not found: 1146 Table 'freshhub.user_types' doesn't exist at C:\\xampp.7.4\\htdocs\\sheikhalalfarms.freshhub.ca\\vendor\\doctrine\\dbal\\lib\\Doctrine\\DBAL\\Driver\\PDO\\Exception.php:18)
[stacktrace]
#0 C:\\xampp.7.4\\htdocs\\sheikhalalfarms.freshhub.ca\\vendor\\doctrine\\dbal\\lib\\Doctrine\\DBAL\\Driver\\PDOConnection.php(87): Doctrine\\DBAL\\Driver\\PDO\\Exception::new(Object(PDOException))
#1 C:\\xampp.7.4\\htdocs\\sheikhalalfarms.freshhub.ca\\vendor\\laravel\\framework\\src\\Illuminate\\Database\\Connection.php(331): Doctrine\\DBAL\\Driver\\PDOConnection->prepare('select * from `...')
#2 C:\\xampp.7.4\\htdocs\\sheikhalalfarms.freshhub.ca\\vendor\\laravel\\framework\\src\\Illuminate\\Database\\Connection.php(664): Illuminate\\Database\\Connection->Illuminate\\Database\\{closure}('select * from `...', Array)
#3 C:\\xampp.7.4\\htdocs\\sheikhalalfarms.freshhub.ca\\vendor\\laravel\\framework\\src\\Illuminate\\Database\\Connection.php(631): Illuminate\\Database\\Connection->runQueryCallback('select * from `...', Array, Object(Closure))
#4 C:\\xampp.7.4\\htdocs\\sheikhalalfarms.freshhub.ca\\vendor\\laravel\\framework\\src\\Illuminate\\Database\\Connection.php(339): Illuminate\\Database\\Connection->run('select * from `...', Array, Object(Closure))
#5 C:\\xampp.7.4\\htdocs\\sheikhalalfarms.freshhub.ca\\vendor\\laravel\\framework\\src\\Illuminate\\Database\\Query\\Builder.php(2270): Illuminate\\Database\\Connection->select('select * from `...', Array, true)
#6 C:\\xampp.7.4\\htdocs\\sheikhalalfarms.freshhub.ca\\vendor\\laravel\\framework\\src\\Illuminate\\Database\\Query\\Builder.php(2258): Illuminate\\Database\\Query\\Builder->runSelect()
#7 C:\\xampp.7.4\\htdocs\\sheikhalalfarms.freshhub.ca\\vendor\\laravel\\framework\\src\\Illuminate\\Database\\Query\\Builder.php(2753): Illuminate\\Database\\Query\\Builder->Illuminate\\Database\\Query\\{closure}()
#8 C:\\xampp.7.4\\htdocs\\sheikhalalfarms.freshhub.ca\\vendor\\laravel\\framework\\src\\Illuminate\\Database\\Query\\Builder.php(2259): Illuminate\\Database\\Query\\Builder->onceWithColumns(Array, Object(Closure))
#9 C:\\xampp.7.4\\htdocs\\sheikhalalfarms.freshhub.ca\\vendor\\laravel\\framework\\src\\Illuminate\\Database\\Eloquent\\Builder.php(548): Illuminate\\Database\\Query\\Builder->get(Array)
#10 C:\\xampp.7.4\\htdocs\\sheikhalalfarms.freshhub.ca\\vendor\\laravel\\framework\\src\\Illuminate\\Database\\Eloquent\\Builder.php(532): Illuminate\\Database\\Eloquent\\Builder->getModels(Array)
#11 C:\\xampp.7.4\\htdocs\\sheikhalalfarms.freshhub.ca\\app\\Providers\\AppServiceProvider.php(28): Illuminate\\Database\\Eloquent\\Builder->get()
#12 C:\\xampp.7.4\\htdocs\\sheikhalalfarms.freshhub.ca\\vendor\\laravel\\framework\\src\\Illuminate\\Container\\BoundMethod.php(36): App\\Providers\\AppServiceProvider->boot()
#13 C:\\xampp.7.4\\htdocs\\sheikhalalfarms.freshhub.ca\\vendor\\laravel\\framework\\src\\Illuminate\\Container\\Util.php(37): Illuminate\\Container\\BoundMethod::Illuminate\\Container\\{closure}()
#14 C:\\xampp.7.4\\htdocs\\sheikhalalfarms.freshhub.ca\\vendor\\laravel\\framework\\src\\Illuminate\\Container\\BoundMethod.php(93): Illuminate\\Container\\Util::unwrapIfClosure(Object(Closure))
#15 C:\\xampp.7.4\\htdocs\\sheikhalalfarms.freshhub.ca\\vendor\\laravel\\framework\\src\\Illuminate\\Container\\BoundMethod.php(37): Illuminate\\Container\\BoundMethod::callBoundMethod(Object(Illuminate\\Foundation\\Application), Array, Object(Closure))
#16 C:\\xampp.7.4\\htdocs\\sheikhalalfarms.freshhub.ca\\vendor\\laravel\\framework\\src\\Illuminate\\Container\\Container.php(596): Illuminate\\Container\\BoundMethod::call(Object(Illuminate\\Foundation\\Application), Array, Array, NULL)
#17 C:\\xampp.7.4\\htdocs\\sheikhalalfarms.freshhub.ca\\vendor\\laravel\\framework\\src\\Illuminate\\Foundation\\Application.php(867): Illuminate\\Container\\Container->call(Array)
#18 C:\\xampp.7.4\\htdocs\\sheikhalalfarms.freshhub.ca\\vendor\\laravel\\framework\\src\\Illuminate\\Foundation\\Application.php(850): Illuminate\\Foundation\\Application->bootProvider(Object(App\\Providers\\AppServiceProvider))
#19 [internal function]: Illuminate\\Foundation\\Application->Illuminate\\Foundation\\{closure}(Object(App\\Providers\\AppServiceProvider), 29)
#20 C:\\xampp.7.4\\htdocs\\sheikhalalfarms.freshhub.ca\\vendor\\laravel\\framework\\src\\Illuminate\\Foundation\\Application.php(851): array_walk(Array, Object(Closure))
#21 C:\\xampp.7.4\\htdocs\\sheikhalalfarms.freshhub.ca\\vendor\\laravel\\framework\\src\\Illuminate\\Foundation\\Bootstrap\\BootProviders.php(17): Illuminate\\Foundation\\Application->boot()
#22 C:\\xampp.7.4\\htdocs\\sheikhalalfarms.freshhub.ca\\vendor\\laravel\\framework\\src\\Illuminate\\Foundation\\Application.php(230): Illuminate\\Foundation\\Bootstrap\\BootProviders->bootstrap(Object(Illuminate\\Foundation\\Application))
#23 C:\\xampp.7.4\\htdocs\\sheikhalalfarms.freshhub.ca\\vendor\\laravel\\framework\\src\\Illuminate\\Foundation\\Http\\Kernel.php(151): Illuminate\\Foundation\\Application->bootstrapWith(Array)
#24 C:\\xampp.7.4\\htdocs\\sheikhalalfarms.freshhub.ca\\vendor\\laravel\\framework\\src\\Illuminate\\Foundation\\Http\\Kernel.php(135): Illuminate\\Foundation\\Http\\Kernel->bootstrap()
#25 C:\\xampp.7.4\\htdocs\\sheikhalalfarms.freshhub.ca\\vendor\\laravel\\framework\\src\\Illuminate\\Foundation\\Http\\Kernel.php(109): Illuminate\\Foundation\\Http\\Kernel->sendRequestThroughRouter(Object(Illuminate\\Http\\Request))
#26 C:\\xampp.7.4\\htdocs\\sheikhalalfarms.freshhub.ca\\public\\index.php(52): Illuminate\\Foundation\\Http\\Kernel->handle(Object(Illuminate\\Http\\Request))
#27 C:\\xampp.7.4\\htdocs\\sheikhalalfarms.freshhub.ca\\server.php(21): require_once('C:\\\\xampp.7.4\\\\ht...')
#28 {main}

[previous exception] [object] (PDOException(code: 42S02): SQLSTATE[42S02]: Base table or view not found: 1146 Table 'freshhub.user_types' doesn't exist at C:\\xampp.7.4\\htdocs\\sheikhalalfarms.freshhub.ca\\vendor\\doctrine\\dbal\\lib\\Doctrine\\DBAL\\Driver\\PDOConnection.php:82)
[stacktrace]
#0 C:\\xampp.7.4\\htdocs\\sheikhalalfarms.freshhub.ca\\vendor\\doctrine\\dbal\\lib\\Doctrine\\DBAL\\Driver\\PDOConnection.php(82): PDO->prepare('select * from `...', Array)
#1 C:\\xampp.7.4\\htdocs\\sheikhalalfarms.freshhub.ca\\vendor\\laravel\\framework\\src\\Illuminate\\Database\\Connection.php(331): Doctrine\\DBAL\\Driver\\PDOConnection->prepare('select * from `...')
#2 C:\\xampp.7.4\\htdocs\\sheikhalalfarms.freshhub.ca\\vendor\\laravel\\framework\\src\\Illuminate\\Database\\Connection.php(664): Illuminate\\Database\\Connection->Illuminate\\Database\\{closure}('select * from `...', Array)
#3 C:\\xampp.7.4\\htdocs\\sheikhalalfarms.freshhub.ca\\vendor\\laravel\\framework\\src\\Illuminate\\Database\\Connection.php(631): Illuminate\\Database\\Connection->runQueryCallback('select * from `...', Array, Object(Closure))
#4 C:\\xampp.7.4\\htdocs\\sheikhalalfarms.freshhub.ca\\vendor\\laravel\\framework\\src\\Illuminate\\Database\\Connection.php(339): Illuminate\\Database\\Connection->run('select * from `...', Array, Object(Closure))
#5 C:\\xampp.7.4\\htdocs\\sheikhalalfarms.freshhub.ca\\vendor\\laravel\\framework\\src\\Illuminate\\Database\\Query\\Builder.php(2270): Illuminate\\Database\\Connection->select('select * from `...', Array, true)
#6 C:\\xampp.7.4\\htdocs\\sheikhalalfarms.freshhub.ca\\vendor\\laravel\\framework\\src\\Illuminate\\Database\\Query\\Builder.php(2258): Illuminate\\Database\\Query\\Builder->runSelect()
#7 C:\\xampp.7.4\\htdocs\\sheikhalalfarms.freshhub.ca\\vendor\\laravel\\framework\\src\\Illuminate\\Database\\Query\\Builder.php(2753): Illuminate\\Database\\Query\\Builder->Illuminate\\Database\\Query\\{closure}()
#8 C:\\xampp.7.4\\htdocs\\sheikhalalfarms.freshhub.ca\\vendor\\laravel\\framework\\src\\Illuminate\\Database\\Query\\Builder.php(2259): Illuminate\\Database\\Query\\Builder->onceWithColumns(Array, Object(Closure))
#9 C:\\xampp.7.4\\htdocs\\sheikhalalfarms.freshhub.ca\\vendor\\laravel\\framework\\src\\Illuminate\\Database\\Eloquent\\Builder.php(548): Illuminate\\Database\\Query\\Builder->get(Array)
#10 C:\\xampp.7.4\\htdocs\\sheikhalalfarms.freshhub.ca\\vendor\\laravel\\framework\\src\\Illuminate\\Database\\Eloquent\\Builder.php(532): Illuminate\\Database\\Eloquent\\Builder->getModels(Array)
#11 C:\\xampp.7.4\\htdocs\\sheikhalalfarms.freshhub.ca\\app\\Providers\\AppServiceProvider.php(28): Illuminate\\Database\\Eloquent\\Builder->get()
#12 C:\\xampp.7.4\\htdocs\\sheikhalalfarms.freshhub.ca\\vendor\\laravel\\framework\\src\\Illuminate\\Container\\BoundMethod.php(36): App\\Providers\\AppServiceProvider->boot()
#13 C:\\xampp.7.4\\htdocs\\sheikhalalfarms.freshhub.ca\\vendor\\laravel\\framework\\src\\Illuminate\\Container\\Util.php(37): Illuminate\\Container\\BoundMethod::Illuminate\\Container\\{closure}()
#14 C:\\xampp.7.4\\htdocs\\sheikhalalfarms.freshhub.ca\\vendor\\laravel\\framework\\src\\Illuminate\\Container\\BoundMethod.php(93): Illuminate\\Container\\Util::unwrapIfClosure(Object(Closure))
#15 C:\\xampp.7.4\\htdocs\\sheikhalalfarms.freshhub.ca\\vendor\\laravel\\framework\\src\\Illuminate\\Container\\BoundMethod.php(37): Illuminate\\Container\\BoundMethod::callBoundMethod(Object(Illuminate\\Foundation\\Application), Array, Object(Closure))
#16 C:\\xampp.7.4\\htdocs\\sheikhalalfarms.freshhub.ca\\vendor\\laravel\\framework\\src\\Illuminate\\Container\\Container.php(596): Illuminate\\Container\\BoundMethod::call(Object(Illuminate\\Foundation\\Application), Array, Array, NULL)
#17 C:\\xampp.7.4\\htdocs\\sheikhalalfarms.freshhub.ca\\vendor\\laravel\\framework\\src\\Illuminate\\Foundation\\Application.php(867): Illuminate\\Container\\Container->call(Array)
#18 C:\\xampp.7.4\\htdocs\\sheikhalalfarms.freshhub.ca\\vendor\\laravel\\framework\\src\\Illuminate\\Foundation\\Application.php(850): Illuminate\\Foundation\\Application->bootProvider(Object(App\\Providers\\AppServiceProvider))
#19 [internal function]: Illuminate\\Foundation\\Application->Illuminate\\Foundation\\{closure}(Object(App\\Providers\\AppServiceProvider), 29)
#20 C:\\xampp.7.4\\htdocs\\sheikhalalfarms.freshhub.ca\\vendor\\laravel\\framework\\src\\Illuminate\\Foundation\\Application.php(851): array_walk(Array, Object(Closure))
#21 C:\\xampp.7.4\\htdocs\\sheikhalalfarms.freshhub.ca\\vendor\\laravel\\framework\\src\\Illuminate\\Foundation\\Bootstrap\\BootProviders.php(17): Illuminate\\Foundation\\Application->boot()
#22 C:\\xampp.7.4\\htdocs\\sheikhalalfarms.freshhub.ca\\vendor\\laravel\\framework\\src\\Illuminate\\Foundation\\Application.php(230): Illuminate\\Foundation\\Bootstrap\\BootProviders->bootstrap(Object(Illuminate\\Foundation\\Application))
#23 C:\\xampp.7.4\\htdocs\\sheikhalalfarms.freshhub.ca\\vendor\\laravel\\framework\\src\\Illuminate\\Foundation\\Http\\Kernel.php(151): Illuminate\\Foundation\\Application->bootstrapWith(Array)
#24 C:\\xampp.7.4\\htdocs\\sheikhalalfarms.freshhub.ca\\vendor\\laravel\\framework\\src\\Illuminate\\Foundation\\Http\\Kernel.php(135): Illuminate\\Foundation\\Http\\Kernel->bootstrap()
#25 C:\\xampp.7.4\\htdocs\\sheikhalalfarms.freshhub.ca\\vendor\\laravel\\framework\\src\\Illuminate\\Foundation\\Http\\Kernel.php(109): Illuminate\\Foundation\\Http\\Kernel->sendRequestThroughRouter(Object(Illuminate\\Http\\Request))
#26 C:\\xampp.7.4\\htdocs\\sheikhalalfarms.freshhub.ca\\public\\index.php(52): Illuminate\\Foundation\\Http\\Kernel->handle(Object(Illuminate\\Http\\Request))
#27 C:\\xampp.7.4\\htdocs\\sheikhalalfarms.freshhub.ca\\server.php(21): require_once('C:\\\\xampp.7.4\\\\ht...')
#28 {main}
"} 
[2024-07-29 06:21:29] local.ERROR: SQLSTATE[42S02]: Base table or view not found: 1146 Table 'freshhub.user_types' doesn't exist (SQL: select * from `user_types` where `id` != 1) {"exception":"[object] (Illuminate\\Database\\QueryException(code: 42S02): SQLSTATE[42S02]: Base table or view not found: 1146 Table 'freshhub.user_types' doesn't exist (SQL: select * from `user_types` where `id` != 1) at C:\\xampp.7.4\\htdocs\\sheikhalalfarms.freshhub.ca\\vendor\\laravel\\framework\\src\\Illuminate\\Database\\Connection.php:671)
[stacktrace]
#0 C:\\xampp.7.4\\htdocs\\sheikhalalfarms.freshhub.ca\\vendor\\laravel\\framework\\src\\Illuminate\\Database\\Connection.php(631): Illuminate\\Database\\Connection->runQueryCallback('select * from `...', Array, Object(Closure))
#1 C:\\xampp.7.4\\htdocs\\sheikhalalfarms.freshhub.ca\\vendor\\laravel\\framework\\src\\Illuminate\\Database\\Connection.php(339): Illuminate\\Database\\Connection->run('select * from `...', Array, Object(Closure))
#2 C:\\xampp.7.4\\htdocs\\sheikhalalfarms.freshhub.ca\\vendor\\laravel\\framework\\src\\Illuminate\\Database\\Query\\Builder.php(2270): Illuminate\\Database\\Connection->select('select * from `...', Array, true)
#3 C:\\xampp.7.4\\htdocs\\sheikhalalfarms.freshhub.ca\\vendor\\laravel\\framework\\src\\Illuminate\\Database\\Query\\Builder.php(2258): Illuminate\\Database\\Query\\Builder->runSelect()
#4 C:\\xampp.7.4\\htdocs\\sheikhalalfarms.freshhub.ca\\vendor\\laravel\\framework\\src\\Illuminate\\Database\\Query\\Builder.php(2753): Illuminate\\Database\\Query\\Builder->Illuminate\\Database\\Query\\{closure}()
#5 C:\\xampp.7.4\\htdocs\\sheikhalalfarms.freshhub.ca\\vendor\\laravel\\framework\\src\\Illuminate\\Database\\Query\\Builder.php(2259): Illuminate\\Database\\Query\\Builder->onceWithColumns(Array, Object(Closure))
#6 C:\\xampp.7.4\\htdocs\\sheikhalalfarms.freshhub.ca\\vendor\\laravel\\framework\\src\\Illuminate\\Database\\Eloquent\\Builder.php(548): Illuminate\\Database\\Query\\Builder->get(Array)
#7 C:\\xampp.7.4\\htdocs\\sheikhalalfarms.freshhub.ca\\vendor\\laravel\\framework\\src\\Illuminate\\Database\\Eloquent\\Builder.php(532): Illuminate\\Database\\Eloquent\\Builder->getModels(Array)
#8 C:\\xampp.7.4\\htdocs\\sheikhalalfarms.freshhub.ca\\app\\Providers\\AppServiceProvider.php(28): Illuminate\\Database\\Eloquent\\Builder->get()
#9 C:\\xampp.7.4\\htdocs\\sheikhalalfarms.freshhub.ca\\vendor\\laravel\\framework\\src\\Illuminate\\Container\\BoundMethod.php(36): App\\Providers\\AppServiceProvider->boot()
#10 C:\\xampp.7.4\\htdocs\\sheikhalalfarms.freshhub.ca\\vendor\\laravel\\framework\\src\\Illuminate\\Container\\Util.php(37): Illuminate\\Container\\BoundMethod::Illuminate\\Container\\{closure}()
#11 C:\\xampp.7.4\\htdocs\\sheikhalalfarms.freshhub.ca\\vendor\\laravel\\framework\\src\\Illuminate\\Container\\BoundMethod.php(93): Illuminate\\Container\\Util::unwrapIfClosure(Object(Closure))
#12 C:\\xampp.7.4\\htdocs\\sheikhalalfarms.freshhub.ca\\vendor\\laravel\\framework\\src\\Illuminate\\Container\\BoundMethod.php(37): Illuminate\\Container\\BoundMethod::callBoundMethod(Object(Illuminate\\Foundation\\Application), Array, Object(Closure))
#13 C:\\xampp.7.4\\htdocs\\sheikhalalfarms.freshhub.ca\\vendor\\laravel\\framework\\src\\Illuminate\\Container\\Container.php(596): Illuminate\\Container\\BoundMethod::call(Object(Illuminate\\Foundation\\Application), Array, Array, NULL)
#14 C:\\xampp.7.4\\htdocs\\sheikhalalfarms.freshhub.ca\\vendor\\laravel\\framework\\src\\Illuminate\\Foundation\\Application.php(867): Illuminate\\Container\\Container->call(Array)
#15 C:\\xampp.7.4\\htdocs\\sheikhalalfarms.freshhub.ca\\vendor\\laravel\\framework\\src\\Illuminate\\Foundation\\Application.php(850): Illuminate\\Foundation\\Application->bootProvider(Object(App\\Providers\\AppServiceProvider))
#16 [internal function]: Illuminate\\Foundation\\Application->Illuminate\\Foundation\\{closure}(Object(App\\Providers\\AppServiceProvider), 29)
#17 C:\\xampp.7.4\\htdocs\\sheikhalalfarms.freshhub.ca\\vendor\\laravel\\framework\\src\\Illuminate\\Foundation\\Application.php(851): array_walk(Array, Object(Closure))
#18 C:\\xampp.7.4\\htdocs\\sheikhalalfarms.freshhub.ca\\vendor\\laravel\\framework\\src\\Illuminate\\Foundation\\Bootstrap\\BootProviders.php(17): Illuminate\\Foundation\\Application->boot()
#19 C:\\xampp.7.4\\htdocs\\sheikhalalfarms.freshhub.ca\\vendor\\laravel\\framework\\src\\Illuminate\\Foundation\\Application.php(230): Illuminate\\Foundation\\Bootstrap\\BootProviders->bootstrap(Object(Illuminate\\Foundation\\Application))
#20 C:\\xampp.7.4\\htdocs\\sheikhalalfarms.freshhub.ca\\vendor\\laravel\\framework\\src\\Illuminate\\Foundation\\Http\\Kernel.php(151): Illuminate\\Foundation\\Application->bootstrapWith(Array)
#21 C:\\xampp.7.4\\htdocs\\sheikhalalfarms.freshhub.ca\\vendor\\laravel\\framework\\src\\Illuminate\\Foundation\\Http\\Kernel.php(135): Illuminate\\Foundation\\Http\\Kernel->bootstrap()
#22 C:\\xampp.7.4\\htdocs\\sheikhalalfarms.freshhub.ca\\vendor\\laravel\\framework\\src\\Illuminate\\Foundation\\Http\\Kernel.php(109): Illuminate\\Foundation\\Http\\Kernel->sendRequestThroughRouter(Object(Illuminate\\Http\\Request))
#23 C:\\xampp.7.4\\htdocs\\sheikhalalfarms.freshhub.ca\\public\\index.php(52): Illuminate\\Foundation\\Http\\Kernel->handle(Object(Illuminate\\Http\\Request))
#24 C:\\xampp.7.4\\htdocs\\sheikhalalfarms.freshhub.ca\\server.php(21): require_once('C:\\\\xampp.7.4\\\\ht...')
#25 {main}

[previous exception] [object] (Doctrine\\DBAL\\Driver\\PDO\\Exception(code: 42S02): SQLSTATE[42S02]: Base table or view not found: 1146 Table 'freshhub.user_types' doesn't exist at C:\\xampp.7.4\\htdocs\\sheikhalalfarms.freshhub.ca\\vendor\\doctrine\\dbal\\lib\\Doctrine\\DBAL\\Driver\\PDO\\Exception.php:18)
[stacktrace]
#0 C:\\xampp.7.4\\htdocs\\sheikhalalfarms.freshhub.ca\\vendor\\doctrine\\dbal\\lib\\Doctrine\\DBAL\\Driver\\PDOConnection.php(87): Doctrine\\DBAL\\Driver\\PDO\\Exception::new(Object(PDOException))
#1 C:\\xampp.7.4\\htdocs\\sheikhalalfarms.freshhub.ca\\vendor\\laravel\\framework\\src\\Illuminate\\Database\\Connection.php(331): Doctrine\\DBAL\\Driver\\PDOConnection->prepare('select * from `...')
#2 C:\\xampp.7.4\\htdocs\\sheikhalalfarms.freshhub.ca\\vendor\\laravel\\framework\\src\\Illuminate\\Database\\Connection.php(664): Illuminate\\Database\\Connection->Illuminate\\Database\\{closure}('select * from `...', Array)
#3 C:\\xampp.7.4\\htdocs\\sheikhalalfarms.freshhub.ca\\vendor\\laravel\\framework\\src\\Illuminate\\Database\\Connection.php(631): Illuminate\\Database\\Connection->runQueryCallback('select * from `...', Array, Object(Closure))
#4 C:\\xampp.7.4\\htdocs\\sheikhalalfarms.freshhub.ca\\vendor\\laravel\\framework\\src\\Illuminate\\Database\\Connection.php(339): Illuminate\\Database\\Connection->run('select * from `...', Array, Object(Closure))
#5 C:\\xampp.7.4\\htdocs\\sheikhalalfarms.freshhub.ca\\vendor\\laravel\\framework\\src\\Illuminate\\Database\\Query\\Builder.php(2270): Illuminate\\Database\\Connection->select('select * from `...', Array, true)
#6 C:\\xampp.7.4\\htdocs\\sheikhalalfarms.freshhub.ca\\vendor\\laravel\\framework\\src\\Illuminate\\Database\\Query\\Builder.php(2258): Illuminate\\Database\\Query\\Builder->runSelect()
#7 C:\\xampp.7.4\\htdocs\\sheikhalalfarms.freshhub.ca\\vendor\\laravel\\framework\\src\\Illuminate\\Database\\Query\\Builder.php(2753): Illuminate\\Database\\Query\\Builder->Illuminate\\Database\\Query\\{closure}()
#8 C:\\xampp.7.4\\htdocs\\sheikhalalfarms.freshhub.ca\\vendor\\laravel\\framework\\src\\Illuminate\\Database\\Query\\Builder.php(2259): Illuminate\\Database\\Query\\Builder->onceWithColumns(Array, Object(Closure))
#9 C:\\xampp.7.4\\htdocs\\sheikhalalfarms.freshhub.ca\\vendor\\laravel\\framework\\src\\Illuminate\\Database\\Eloquent\\Builder.php(548): Illuminate\\Database\\Query\\Builder->get(Array)
#10 C:\\xampp.7.4\\htdocs\\sheikhalalfarms.freshhub.ca\\vendor\\laravel\\framework\\src\\Illuminate\\Database\\Eloquent\\Builder.php(532): Illuminate\\Database\\Eloquent\\Builder->getModels(Array)
#11 C:\\xampp.7.4\\htdocs\\sheikhalalfarms.freshhub.ca\\app\\Providers\\AppServiceProvider.php(28): Illuminate\\Database\\Eloquent\\Builder->get()
#12 C:\\xampp.7.4\\htdocs\\sheikhalalfarms.freshhub.ca\\vendor\\laravel\\framework\\src\\Illuminate\\Container\\BoundMethod.php(36): App\\Providers\\AppServiceProvider->boot()
#13 C:\\xampp.7.4\\htdocs\\sheikhalalfarms.freshhub.ca\\vendor\\laravel\\framework\\src\\Illuminate\\Container\\Util.php(37): Illuminate\\Container\\BoundMethod::Illuminate\\Container\\{closure}()
#14 C:\\xampp.7.4\\htdocs\\sheikhalalfarms.freshhub.ca\\vendor\\laravel\\framework\\src\\Illuminate\\Container\\BoundMethod.php(93): Illuminate\\Container\\Util::unwrapIfClosure(Object(Closure))
#15 C:\\xampp.7.4\\htdocs\\sheikhalalfarms.freshhub.ca\\vendor\\laravel\\framework\\src\\Illuminate\\Container\\BoundMethod.php(37): Illuminate\\Container\\BoundMethod::callBoundMethod(Object(Illuminate\\Foundation\\Application), Array, Object(Closure))
#16 C:\\xampp.7.4\\htdocs\\sheikhalalfarms.freshhub.ca\\vendor\\laravel\\framework\\src\\Illuminate\\Container\\Container.php(596): Illuminate\\Container\\BoundMethod::call(Object(Illuminate\\Foundation\\Application), Array, Array, NULL)
#17 C:\\xampp.7.4\\htdocs\\sheikhalalfarms.freshhub.ca\\vendor\\laravel\\framework\\src\\Illuminate\\Foundation\\Application.php(867): Illuminate\\Container\\Container->call(Array)
#18 C:\\xampp.7.4\\htdocs\\sheikhalalfarms.freshhub.ca\\vendor\\laravel\\framework\\src\\Illuminate\\Foundation\\Application.php(850): Illuminate\\Foundation\\Application->bootProvider(Object(App\\Providers\\AppServiceProvider))
#19 [internal function]: Illuminate\\Foundation\\Application->Illuminate\\Foundation\\{closure}(Object(App\\Providers\\AppServiceProvider), 29)
#20 C:\\xampp.7.4\\htdocs\\sheikhalalfarms.freshhub.ca\\vendor\\laravel\\framework\\src\\Illuminate\\Foundation\\Application.php(851): array_walk(Array, Object(Closure))
#21 C:\\xampp.7.4\\htdocs\\sheikhalalfarms.freshhub.ca\\vendor\\laravel\\framework\\src\\Illuminate\\Foundation\\Bootstrap\\BootProviders.php(17): Illuminate\\Foundation\\Application->boot()
#22 C:\\xampp.7.4\\htdocs\\sheikhalalfarms.freshhub.ca\\vendor\\laravel\\framework\\src\\Illuminate\\Foundation\\Application.php(230): Illuminate\\Foundation\\Bootstrap\\BootProviders->bootstrap(Object(Illuminate\\Foundation\\Application))
#23 C:\\xampp.7.4\\htdocs\\sheikhalalfarms.freshhub.ca\\vendor\\laravel\\framework\\src\\Illuminate\\Foundation\\Http\\Kernel.php(151): Illuminate\\Foundation\\Application->bootstrapWith(Array)
#24 C:\\xampp.7.4\\htdocs\\sheikhalalfarms.freshhub.ca\\vendor\\laravel\\framework\\src\\Illuminate\\Foundation\\Http\\Kernel.php(135): Illuminate\\Foundation\\Http\\Kernel->bootstrap()
#25 C:\\xampp.7.4\\htdocs\\sheikhalalfarms.freshhub.ca\\vendor\\laravel\\framework\\src\\Illuminate\\Foundation\\Http\\Kernel.php(109): Illuminate\\Foundation\\Http\\Kernel->sendRequestThroughRouter(Object(Illuminate\\Http\\Request))
#26 C:\\xampp.7.4\\htdocs\\sheikhalalfarms.freshhub.ca\\public\\index.php(52): Illuminate\\Foundation\\Http\\Kernel->handle(Object(Illuminate\\Http\\Request))
#27 C:\\xampp.7.4\\htdocs\\sheikhalalfarms.freshhub.ca\\server.php(21): require_once('C:\\\\xampp.7.4\\\\ht...')
#28 {main}

[previous exception] [object] (PDOException(code: 42S02): SQLSTATE[42S02]: Base table or view not found: 1146 Table 'freshhub.user_types' doesn't exist at C:\\xampp.7.4\\htdocs\\sheikhalalfarms.freshhub.ca\\vendor\\doctrine\\dbal\\lib\\Doctrine\\DBAL\\Driver\\PDOConnection.php:82)
[stacktrace]
#0 C:\\xampp.7.4\\htdocs\\sheikhalalfarms.freshhub.ca\\vendor\\doctrine\\dbal\\lib\\Doctrine\\DBAL\\Driver\\PDOConnection.php(82): PDO->prepare('select * from `...', Array)
#1 C:\\xampp.7.4\\htdocs\\sheikhalalfarms.freshhub.ca\\vendor\\laravel\\framework\\src\\Illuminate\\Database\\Connection.php(331): Doctrine\\DBAL\\Driver\\PDOConnection->prepare('select * from `...')
#2 C:\\xampp.7.4\\htdocs\\sheikhalalfarms.freshhub.ca\\vendor\\laravel\\framework\\src\\Illuminate\\Database\\Connection.php(664): Illuminate\\Database\\Connection->Illuminate\\Database\\{closure}('select * from `...', Array)
#3 C:\\xampp.7.4\\htdocs\\sheikhalalfarms.freshhub.ca\\vendor\\laravel\\framework\\src\\Illuminate\\Database\\Connection.php(631): Illuminate\\Database\\Connection->runQueryCallback('select * from `...', Array, Object(Closure))
#4 C:\\xampp.7.4\\htdocs\\sheikhalalfarms.freshhub.ca\\vendor\\laravel\\framework\\src\\Illuminate\\Database\\Connection.php(339): Illuminate\\Database\\Connection->run('select * from `...', Array, Object(Closure))
#5 C:\\xampp.7.4\\htdocs\\sheikhalalfarms.freshhub.ca\\vendor\\laravel\\framework\\src\\Illuminate\\Database\\Query\\Builder.php(2270): Illuminate\\Database\\Connection->select('select * from `...', Array, true)
#6 C:\\xampp.7.4\\htdocs\\sheikhalalfarms.freshhub.ca\\vendor\\laravel\\framework\\src\\Illuminate\\Database\\Query\\Builder.php(2258): Illuminate\\Database\\Query\\Builder->runSelect()
#7 C:\\xampp.7.4\\htdocs\\sheikhalalfarms.freshhub.ca\\vendor\\laravel\\framework\\src\\Illuminate\\Database\\Query\\Builder.php(2753): Illuminate\\Database\\Query\\Builder->Illuminate\\Database\\Query\\{closure}()
#8 C:\\xampp.7.4\\htdocs\\sheikhalalfarms.freshhub.ca\\vendor\\laravel\\framework\\src\\Illuminate\\Database\\Query\\Builder.php(2259): Illuminate\\Database\\Query\\Builder->onceWithColumns(Array, Object(Closure))
#9 C:\\xampp.7.4\\htdocs\\sheikhalalfarms.freshhub.ca\\vendor\\laravel\\framework\\src\\Illuminate\\Database\\Eloquent\\Builder.php(548): Illuminate\\Database\\Query\\Builder->get(Array)
#10 C:\\xampp.7.4\\htdocs\\sheikhalalfarms.freshhub.ca\\vendor\\laravel\\framework\\src\\Illuminate\\Database\\Eloquent\\Builder.php(532): Illuminate\\Database\\Eloquent\\Builder->getModels(Array)
#11 C:\\xampp.7.4\\htdocs\\sheikhalalfarms.freshhub.ca\\app\\Providers\\AppServiceProvider.php(28): Illuminate\\Database\\Eloquent\\Builder->get()
#12 C:\\xampp.7.4\\htdocs\\sheikhalalfarms.freshhub.ca\\vendor\\laravel\\framework\\src\\Illuminate\\Container\\BoundMethod.php(36): App\\Providers\\AppServiceProvider->boot()
#13 C:\\xampp.7.4\\htdocs\\sheikhalalfarms.freshhub.ca\\vendor\\laravel\\framework\\src\\Illuminate\\Container\\Util.php(37): Illuminate\\Container\\BoundMethod::Illuminate\\Container\\{closure}()
#14 C:\\xampp.7.4\\htdocs\\sheikhalalfarms.freshhub.ca\\vendor\\laravel\\framework\\src\\Illuminate\\Container\\BoundMethod.php(93): Illuminate\\Container\\Util::unwrapIfClosure(Object(Closure))
#15 C:\\xampp.7.4\\htdocs\\sheikhalalfarms.freshhub.ca\\vendor\\laravel\\framework\\src\\Illuminate\\Container\\BoundMethod.php(37): Illuminate\\Container\\BoundMethod::callBoundMethod(Object(Illuminate\\Foundation\\Application), Array, Object(Closure))
#16 C:\\xampp.7.4\\htdocs\\sheikhalalfarms.freshhub.ca\\vendor\\laravel\\framework\\src\\Illuminate\\Container\\Container.php(596): Illuminate\\Container\\BoundMethod::call(Object(Illuminate\\Foundation\\Application), Array, Array, NULL)
#17 C:\\xampp.7.4\\htdocs\\sheikhalalfarms.freshhub.ca\\vendor\\laravel\\framework\\src\\Illuminate\\Foundation\\Application.php(867): Illuminate\\Container\\Container->call(Array)
#18 C:\\xampp.7.4\\htdocs\\sheikhalalfarms.freshhub.ca\\vendor\\laravel\\framework\\src\\Illuminate\\Foundation\\Application.php(850): Illuminate\\Foundation\\Application->bootProvider(Object(App\\Providers\\AppServiceProvider))
#19 [internal function]: Illuminate\\Foundation\\Application->Illuminate\\Foundation\\{closure}(Object(App\\Providers\\AppServiceProvider), 29)
#20 C:\\xampp.7.4\\htdocs\\sheikhalalfarms.freshhub.ca\\vendor\\laravel\\framework\\src\\Illuminate\\Foundation\\Application.php(851): array_walk(Array, Object(Closure))
#21 C:\\xampp.7.4\\htdocs\\sheikhalalfarms.freshhub.ca\\vendor\\laravel\\framework\\src\\Illuminate\\Foundation\\Bootstrap\\BootProviders.php(17): Illuminate\\Foundation\\Application->boot()
#22 C:\\xampp.7.4\\htdocs\\sheikhalalfarms.freshhub.ca\\vendor\\laravel\\framework\\src\\Illuminate\\Foundation\\Application.php(230): Illuminate\\Foundation\\Bootstrap\\BootProviders->bootstrap(Object(Illuminate\\Foundation\\Application))
#23 C:\\xampp.7.4\\htdocs\\sheikhalalfarms.freshhub.ca\\vendor\\laravel\\framework\\src\\Illuminate\\Foundation\\Http\\Kernel.php(151): Illuminate\\Foundation\\Application->bootstrapWith(Array)
#24 C:\\xampp.7.4\\htdocs\\sheikhalalfarms.freshhub.ca\\vendor\\laravel\\framework\\src\\Illuminate\\Foundation\\Http\\Kernel.php(135): Illuminate\\Foundation\\Http\\Kernel->bootstrap()
#25 C:\\xampp.7.4\\htdocs\\sheikhalalfarms.freshhub.ca\\vendor\\laravel\\framework\\src\\Illuminate\\Foundation\\Http\\Kernel.php(109): Illuminate\\Foundation\\Http\\Kernel->sendRequestThroughRouter(Object(Illuminate\\Http\\Request))
#26 C:\\xampp.7.4\\htdocs\\sheikhalalfarms.freshhub.ca\\public\\index.php(52): Illuminate\\Foundation\\Http\\Kernel->handle(Object(Illuminate\\Http\\Request))
#27 C:\\xampp.7.4\\htdocs\\sheikhalalfarms.freshhub.ca\\server.php(21): require_once('C:\\\\xampp.7.4\\\\ht...')
#28 {main}
"} 
[2024-07-29 06:21:37] local.ERROR: SQLSTATE[42S02]: Base table or view not found: 1146 Table 'freshhub.user_types' doesn't exist (SQL: select * from `user_types` where `id` != 1) {"exception":"[object] (Illuminate\\Database\\QueryException(code: 42S02): SQLSTATE[42S02]: Base table or view not found: 1146 Table 'freshhub.user_types' doesn't exist (SQL: select * from `user_types` where `id` != 1) at C:\\xampp.7.4\\htdocs\\sheikhalalfarms.freshhub.ca\\vendor\\laravel\\framework\\src\\Illuminate\\Database\\Connection.php:671)
[stacktrace]
#0 C:\\xampp.7.4\\htdocs\\sheikhalalfarms.freshhub.ca\\vendor\\laravel\\framework\\src\\Illuminate\\Database\\Connection.php(631): Illuminate\\Database\\Connection->runQueryCallback('select * from `...', Array, Object(Closure))
#1 C:\\xampp.7.4\\htdocs\\sheikhalalfarms.freshhub.ca\\vendor\\laravel\\framework\\src\\Illuminate\\Database\\Connection.php(339): Illuminate\\Database\\Connection->run('select * from `...', Array, Object(Closure))
#2 C:\\xampp.7.4\\htdocs\\sheikhalalfarms.freshhub.ca\\vendor\\laravel\\framework\\src\\Illuminate\\Database\\Query\\Builder.php(2270): Illuminate\\Database\\Connection->select('select * from `...', Array, true)
#3 C:\\xampp.7.4\\htdocs\\sheikhalalfarms.freshhub.ca\\vendor\\laravel\\framework\\src\\Illuminate\\Database\\Query\\Builder.php(2258): Illuminate\\Database\\Query\\Builder->runSelect()
#4 C:\\xampp.7.4\\htdocs\\sheikhalalfarms.freshhub.ca\\vendor\\laravel\\framework\\src\\Illuminate\\Database\\Query\\Builder.php(2753): Illuminate\\Database\\Query\\Builder->Illuminate\\Database\\Query\\{closure}()
#5 C:\\xampp.7.4\\htdocs\\sheikhalalfarms.freshhub.ca\\vendor\\laravel\\framework\\src\\Illuminate\\Database\\Query\\Builder.php(2259): Illuminate\\Database\\Query\\Builder->onceWithColumns(Array, Object(Closure))
#6 C:\\xampp.7.4\\htdocs\\sheikhalalfarms.freshhub.ca\\vendor\\laravel\\framework\\src\\Illuminate\\Database\\Eloquent\\Builder.php(548): Illuminate\\Database\\Query\\Builder->get(Array)
#7 C:\\xampp.7.4\\htdocs\\sheikhalalfarms.freshhub.ca\\vendor\\laravel\\framework\\src\\Illuminate\\Database\\Eloquent\\Builder.php(532): Illuminate\\Database\\Eloquent\\Builder->getModels(Array)
#8 C:\\xampp.7.4\\htdocs\\sheikhalalfarms.freshhub.ca\\app\\Providers\\AppServiceProvider.php(28): Illuminate\\Database\\Eloquent\\Builder->get()
#9 C:\\xampp.7.4\\htdocs\\sheikhalalfarms.freshhub.ca\\vendor\\laravel\\framework\\src\\Illuminate\\Container\\BoundMethod.php(36): App\\Providers\\AppServiceProvider->boot()
#10 C:\\xampp.7.4\\htdocs\\sheikhalalfarms.freshhub.ca\\vendor\\laravel\\framework\\src\\Illuminate\\Container\\Util.php(37): Illuminate\\Container\\BoundMethod::Illuminate\\Container\\{closure}()
#11 C:\\xampp.7.4\\htdocs\\sheikhalalfarms.freshhub.ca\\vendor\\laravel\\framework\\src\\Illuminate\\Container\\BoundMethod.php(93): Illuminate\\Container\\Util::unwrapIfClosure(Object(Closure))
#12 C:\\xampp.7.4\\htdocs\\sheikhalalfarms.freshhub.ca\\vendor\\laravel\\framework\\src\\Illuminate\\Container\\BoundMethod.php(37): Illuminate\\Container\\BoundMethod::callBoundMethod(Object(Illuminate\\Foundation\\Application), Array, Object(Closure))
#13 C:\\xampp.7.4\\htdocs\\sheikhalalfarms.freshhub.ca\\vendor\\laravel\\framework\\src\\Illuminate\\Container\\Container.php(596): Illuminate\\Container\\BoundMethod::call(Object(Illuminate\\Foundation\\Application), Array, Array, NULL)
#14 C:\\xampp.7.4\\htdocs\\sheikhalalfarms.freshhub.ca\\vendor\\laravel\\framework\\src\\Illuminate\\Foundation\\Application.php(867): Illuminate\\Container\\Container->call(Array)
#15 C:\\xampp.7.4\\htdocs\\sheikhalalfarms.freshhub.ca\\vendor\\laravel\\framework\\src\\Illuminate\\Foundation\\Application.php(850): Illuminate\\Foundation\\Application->bootProvider(Object(App\\Providers\\AppServiceProvider))
#16 [internal function]: Illuminate\\Foundation\\Application->Illuminate\\Foundation\\{closure}(Object(App\\Providers\\AppServiceProvider), 29)
#17 C:\\xampp.7.4\\htdocs\\sheikhalalfarms.freshhub.ca\\vendor\\laravel\\framework\\src\\Illuminate\\Foundation\\Application.php(851): array_walk(Array, Object(Closure))
#18 C:\\xampp.7.4\\htdocs\\sheikhalalfarms.freshhub.ca\\vendor\\laravel\\framework\\src\\Illuminate\\Foundation\\Bootstrap\\BootProviders.php(17): Illuminate\\Foundation\\Application->boot()
#19 C:\\xampp.7.4\\htdocs\\sheikhalalfarms.freshhub.ca\\vendor\\laravel\\framework\\src\\Illuminate\\Foundation\\Application.php(230): Illuminate\\Foundation\\Bootstrap\\BootProviders->bootstrap(Object(Illuminate\\Foundation\\Application))
#20 C:\\xampp.7.4\\htdocs\\sheikhalalfarms.freshhub.ca\\vendor\\laravel\\framework\\src\\Illuminate\\Foundation\\Console\\Kernel.php(310): Illuminate\\Foundation\\Application->bootstrapWith(Array)
#21 C:\\xampp.7.4\\htdocs\\sheikhalalfarms.freshhub.ca\\vendor\\laravel\\framework\\src\\Illuminate\\Foundation\\Console\\Kernel.php(127): Illuminate\\Foundation\\Console\\Kernel->bootstrap()
#22 C:\\xampp.7.4\\htdocs\\sheikhalalfarms.freshhub.ca\\artisan(37): Illuminate\\Foundation\\Console\\Kernel->handle(Object(Symfony\\Component\\Console\\Input\\ArgvInput), Object(Symfony\\Component\\Console\\Output\\ConsoleOutput))
#23 {main}

[previous exception] [object] (Doctrine\\DBAL\\Driver\\PDO\\Exception(code: 42S02): SQLSTATE[42S02]: Base table or view not found: 1146 Table 'freshhub.user_types' doesn't exist at C:\\xampp.7.4\\htdocs\\sheikhalalfarms.freshhub.ca\\vendor\\doctrine\\dbal\\lib\\Doctrine\\DBAL\\Driver\\PDO\\Exception.php:18)
[stacktrace]
#0 C:\\xampp.7.4\\htdocs\\sheikhalalfarms.freshhub.ca\\vendor\\doctrine\\dbal\\lib\\Doctrine\\DBAL\\Driver\\PDOConnection.php(87): Doctrine\\DBAL\\Driver\\PDO\\Exception::new(Object(PDOException))
#1 C:\\xampp.7.4\\htdocs\\sheikhalalfarms.freshhub.ca\\vendor\\laravel\\framework\\src\\Illuminate\\Database\\Connection.php(331): Doctrine\\DBAL\\Driver\\PDOConnection->prepare('select * from `...')
#2 C:\\xampp.7.4\\htdocs\\sheikhalalfarms.freshhub.ca\\vendor\\laravel\\framework\\src\\Illuminate\\Database\\Connection.php(664): Illuminate\\Database\\Connection->Illuminate\\Database\\{closure}('select * from `...', Array)
#3 C:\\xampp.7.4\\htdocs\\sheikhalalfarms.freshhub.ca\\vendor\\laravel\\framework\\src\\Illuminate\\Database\\Connection.php(631): Illuminate\\Database\\Connection->runQueryCallback('select * from `...', Array, Object(Closure))
#4 C:\\xampp.7.4\\htdocs\\sheikhalalfarms.freshhub.ca\\vendor\\laravel\\framework\\src\\Illuminate\\Database\\Connection.php(339): Illuminate\\Database\\Connection->run('select * from `...', Array, Object(Closure))
#5 C:\\xampp.7.4\\htdocs\\sheikhalalfarms.freshhub.ca\\vendor\\laravel\\framework\\src\\Illuminate\\Database\\Query\\Builder.php(2270): Illuminate\\Database\\Connection->select('select * from `...', Array, true)
#6 C:\\xampp.7.4\\htdocs\\sheikhalalfarms.freshhub.ca\\vendor\\laravel\\framework\\src\\Illuminate\\Database\\Query\\Builder.php(2258): Illuminate\\Database\\Query\\Builder->runSelect()
#7 C:\\xampp.7.4\\htdocs\\sheikhalalfarms.freshhub.ca\\vendor\\laravel\\framework\\src\\Illuminate\\Database\\Query\\Builder.php(2753): Illuminate\\Database\\Query\\Builder->Illuminate\\Database\\Query\\{closure}()
#8 C:\\xampp.7.4\\htdocs\\sheikhalalfarms.freshhub.ca\\vendor\\laravel\\framework\\src\\Illuminate\\Database\\Query\\Builder.php(2259): Illuminate\\Database\\Query\\Builder->onceWithColumns(Array, Object(Closure))
#9 C:\\xampp.7.4\\htdocs\\sheikhalalfarms.freshhub.ca\\vendor\\laravel\\framework\\src\\Illuminate\\Database\\Eloquent\\Builder.php(548): Illuminate\\Database\\Query\\Builder->get(Array)
#10 C:\\xampp.7.4\\htdocs\\sheikhalalfarms.freshhub.ca\\vendor\\laravel\\framework\\src\\Illuminate\\Database\\Eloquent\\Builder.php(532): Illuminate\\Database\\Eloquent\\Builder->getModels(Array)
#11 C:\\xampp.7.4\\htdocs\\sheikhalalfarms.freshhub.ca\\app\\Providers\\AppServiceProvider.php(28): Illuminate\\Database\\Eloquent\\Builder->get()
#12 C:\\xampp.7.4\\htdocs\\sheikhalalfarms.freshhub.ca\\vendor\\laravel\\framework\\src\\Illuminate\\Container\\BoundMethod.php(36): App\\Providers\\AppServiceProvider->boot()
#13 C:\\xampp.7.4\\htdocs\\sheikhalalfarms.freshhub.ca\\vendor\\laravel\\framework\\src\\Illuminate\\Container\\Util.php(37): Illuminate\\Container\\BoundMethod::Illuminate\\Container\\{closure}()
#14 C:\\xampp.7.4\\htdocs\\sheikhalalfarms.freshhub.ca\\vendor\\laravel\\framework\\src\\Illuminate\\Container\\BoundMethod.php(93): Illuminate\\Container\\Util::unwrapIfClosure(Object(Closure))
#15 C:\\xampp.7.4\\htdocs\\sheikhalalfarms.freshhub.ca\\vendor\\laravel\\framework\\src\\Illuminate\\Container\\BoundMethod.php(37): Illuminate\\Container\\BoundMethod::callBoundMethod(Object(Illuminate\\Foundation\\Application), Array, Object(Closure))
#16 C:\\xampp.7.4\\htdocs\\sheikhalalfarms.freshhub.ca\\vendor\\laravel\\framework\\src\\Illuminate\\Container\\Container.php(596): Illuminate\\Container\\BoundMethod::call(Object(Illuminate\\Foundation\\Application), Array, Array, NULL)
#17 C:\\xampp.7.4\\htdocs\\sheikhalalfarms.freshhub.ca\\vendor\\laravel\\framework\\src\\Illuminate\\Foundation\\Application.php(867): Illuminate\\Container\\Container->call(Array)
#18 C:\\xampp.7.4\\htdocs\\sheikhalalfarms.freshhub.ca\\vendor\\laravel\\framework\\src\\Illuminate\\Foundation\\Application.php(850): Illuminate\\Foundation\\Application->bootProvider(Object(App\\Providers\\AppServiceProvider))
#19 [internal function]: Illuminate\\Foundation\\Application->Illuminate\\Foundation\\{closure}(Object(App\\Providers\\AppServiceProvider), 29)
#20 C:\\xampp.7.4\\htdocs\\sheikhalalfarms.freshhub.ca\\vendor\\laravel\\framework\\src\\Illuminate\\Foundation\\Application.php(851): array_walk(Array, Object(Closure))
#21 C:\\xampp.7.4\\htdocs\\sheikhalalfarms.freshhub.ca\\vendor\\laravel\\framework\\src\\Illuminate\\Foundation\\Bootstrap\\BootProviders.php(17): Illuminate\\Foundation\\Application->boot()
#22 C:\\xampp.7.4\\htdocs\\sheikhalalfarms.freshhub.ca\\vendor\\laravel\\framework\\src\\Illuminate\\Foundation\\Application.php(230): Illuminate\\Foundation\\Bootstrap\\BootProviders->bootstrap(Object(Illuminate\\Foundation\\Application))
#23 C:\\xampp.7.4\\htdocs\\sheikhalalfarms.freshhub.ca\\vendor\\laravel\\framework\\src\\Illuminate\\Foundation\\Console\\Kernel.php(310): Illuminate\\Foundation\\Application->bootstrapWith(Array)
#24 C:\\xampp.7.4\\htdocs\\sheikhalalfarms.freshhub.ca\\vendor\\laravel\\framework\\src\\Illuminate\\Foundation\\Console\\Kernel.php(127): Illuminate\\Foundation\\Console\\Kernel->bootstrap()
#25 C:\\xampp.7.4\\htdocs\\sheikhalalfarms.freshhub.ca\\artisan(37): Illuminate\\Foundation\\Console\\Kernel->handle(Object(Symfony\\Component\\Console\\Input\\ArgvInput), Object(Symfony\\Component\\Console\\Output\\ConsoleOutput))
#26 {main}

[previous exception] [object] (PDOException(code: 42S02): SQLSTATE[42S02]: Base table or view not found: 1146 Table 'freshhub.user_types' doesn't exist at C:\\xampp.7.4\\htdocs\\sheikhalalfarms.freshhub.ca\\vendor\\doctrine\\dbal\\lib\\Doctrine\\DBAL\\Driver\\PDOConnection.php:82)
[stacktrace]
#0 C:\\xampp.7.4\\htdocs\\sheikhalalfarms.freshhub.ca\\vendor\\doctrine\\dbal\\lib\\Doctrine\\DBAL\\Driver\\PDOConnection.php(82): PDO->prepare('select * from `...', Array)
#1 C:\\xampp.7.4\\htdocs\\sheikhalalfarms.freshhub.ca\\vendor\\laravel\\framework\\src\\Illuminate\\Database\\Connection.php(331): Doctrine\\DBAL\\Driver\\PDOConnection->prepare('select * from `...')
#2 C:\\xampp.7.4\\htdocs\\sheikhalalfarms.freshhub.ca\\vendor\\laravel\\framework\\src\\Illuminate\\Database\\Connection.php(664): Illuminate\\Database\\Connection->Illuminate\\Database\\{closure}('select * from `...', Array)
#3 C:\\xampp.7.4\\htdocs\\sheikhalalfarms.freshhub.ca\\vendor\\laravel\\framework\\src\\Illuminate\\Database\\Connection.php(631): Illuminate\\Database\\Connection->runQueryCallback('select * from `...', Array, Object(Closure))
#4 C:\\xampp.7.4\\htdocs\\sheikhalalfarms.freshhub.ca\\vendor\\laravel\\framework\\src\\Illuminate\\Database\\Connection.php(339): Illuminate\\Database\\Connection->run('select * from `...', Array, Object(Closure))
#5 C:\\xampp.7.4\\htdocs\\sheikhalalfarms.freshhub.ca\\vendor\\laravel\\framework\\src\\Illuminate\\Database\\Query\\Builder.php(2270): Illuminate\\Database\\Connection->select('select * from `...', Array, true)
#6 C:\\xampp.7.4\\htdocs\\sheikhalalfarms.freshhub.ca\\vendor\\laravel\\framework\\src\\Illuminate\\Database\\Query\\Builder.php(2258): Illuminate\\Database\\Query\\Builder->runSelect()
#7 C:\\xampp.7.4\\htdocs\\sheikhalalfarms.freshhub.ca\\vendor\\laravel\\framework\\src\\Illuminate\\Database\\Query\\Builder.php(2753): Illuminate\\Database\\Query\\Builder->Illuminate\\Database\\Query\\{closure}()
#8 C:\\xampp.7.4\\htdocs\\sheikhalalfarms.freshhub.ca\\vendor\\laravel\\framework\\src\\Illuminate\\Database\\Query\\Builder.php(2259): Illuminate\\Database\\Query\\Builder->onceWithColumns(Array, Object(Closure))
#9 C:\\xampp.7.4\\htdocs\\sheikhalalfarms.freshhub.ca\\vendor\\laravel\\framework\\src\\Illuminate\\Database\\Eloquent\\Builder.php(548): Illuminate\\Database\\Query\\Builder->get(Array)
#10 C:\\xampp.7.4\\htdocs\\sheikhalalfarms.freshhub.ca\\vendor\\laravel\\framework\\src\\Illuminate\\Database\\Eloquent\\Builder.php(532): Illuminate\\Database\\Eloquent\\Builder->getModels(Array)
#11 C:\\xampp.7.4\\htdocs\\sheikhalalfarms.freshhub.ca\\app\\Providers\\AppServiceProvider.php(28): Illuminate\\Database\\Eloquent\\Builder->get()
#12 C:\\xampp.7.4\\htdocs\\sheikhalalfarms.freshhub.ca\\vendor\\laravel\\framework\\src\\Illuminate\\Container\\BoundMethod.php(36): App\\Providers\\AppServiceProvider->boot()
#13 C:\\xampp.7.4\\htdocs\\sheikhalalfarms.freshhub.ca\\vendor\\laravel\\framework\\src\\Illuminate\\Container\\Util.php(37): Illuminate\\Container\\BoundMethod::Illuminate\\Container\\{closure}()
#14 C:\\xampp.7.4\\htdocs\\sheikhalalfarms.freshhub.ca\\vendor\\laravel\\framework\\src\\Illuminate\\Container\\BoundMethod.php(93): Illuminate\\Container\\Util::unwrapIfClosure(Object(Closure))
#15 C:\\xampp.7.4\\htdocs\\sheikhalalfarms.freshhub.ca\\vendor\\laravel\\framework\\src\\Illuminate\\Container\\BoundMethod.php(37): Illuminate\\Container\\BoundMethod::callBoundMethod(Object(Illuminate\\Foundation\\Application), Array, Object(Closure))
#16 C:\\xampp.7.4\\htdocs\\sheikhalalfarms.freshhub.ca\\vendor\\laravel\\framework\\src\\Illuminate\\Container\\Container.php(596): Illuminate\\Container\\BoundMethod::call(Object(Illuminate\\Foundation\\Application), Array, Array, NULL)
#17 C:\\xampp.7.4\\htdocs\\sheikhalalfarms.freshhub.ca\\vendor\\laravel\\framework\\src\\Illuminate\\Foundation\\Application.php(867): Illuminate\\Container\\Container->call(Array)
#18 C:\\xampp.7.4\\htdocs\\sheikhalalfarms.freshhub.ca\\vendor\\laravel\\framework\\src\\Illuminate\\Foundation\\Application.php(850): Illuminate\\Foundation\\Application->bootProvider(Object(App\\Providers\\AppServiceProvider))
#19 [internal function]: Illuminate\\Foundation\\Application->Illuminate\\Foundation\\{closure}(Object(App\\Providers\\AppServiceProvider), 29)
#20 C:\\xampp.7.4\\htdocs\\sheikhalalfarms.freshhub.ca\\vendor\\laravel\\framework\\src\\Illuminate\\Foundation\\Application.php(851): array_walk(Array, Object(Closure))
#21 C:\\xampp.7.4\\htdocs\\sheikhalalfarms.freshhub.ca\\vendor\\laravel\\framework\\src\\Illuminate\\Foundation\\Bootstrap\\BootProviders.php(17): Illuminate\\Foundation\\Application->boot()
#22 C:\\xampp.7.4\\htdocs\\sheikhalalfarms.freshhub.ca\\vendor\\laravel\\framework\\src\\Illuminate\\Foundation\\Application.php(230): Illuminate\\Foundation\\Bootstrap\\BootProviders->bootstrap(Object(Illuminate\\Foundation\\Application))
#23 C:\\xampp.7.4\\htdocs\\sheikhalalfarms.freshhub.ca\\vendor\\laravel\\framework\\src\\Illuminate\\Foundation\\Console\\Kernel.php(310): Illuminate\\Foundation\\Application->bootstrapWith(Array)
#24 C:\\xampp.7.4\\htdocs\\sheikhalalfarms.freshhub.ca\\vendor\\laravel\\framework\\src\\Illuminate\\Foundation\\Console\\Kernel.php(127): Illuminate\\Foundation\\Console\\Kernel->bootstrap()
#25 C:\\xampp.7.4\\htdocs\\sheikhalalfarms.freshhub.ca\\artisan(37): Illuminate\\Foundation\\Console\\Kernel->handle(Object(Symfony\\Component\\Console\\Input\\ArgvInput), Object(Symfony\\Component\\Console\\Output\\ConsoleOutput))
#26 {main}
"} 
